This is pdfTeX, Version 3.14159265-2.6-1.40.21 (TeX Live 2020) (preloaded format=pdflatex 2020.8.14)  8 JAN 2022 10:05
entering extended mode
 restricted \write18 enabled.
 %&-line parsing enabled.
**Dissertation-alasfar.tex
(./Dissertation-alasfar.tex
LaTeX2e <2020-02-02> patch level 5
L3 programming layer <2020-03-06>
(/usr/local/texlive/2020/texmf-dist/tex/latex/koma-script/scrbook.cls
Document Class: scrbook 2020/01/24 v3.29 KOMA-Script document class (book)
(/usr/local/texlive/2020/texmf-dist/tex/latex/koma-script/scrkbase.sty
Package: scrkbase 2020/01/24 v3.29 KOMA-Script package (KOMA-Script-dependent b
asics and keyval usage)

(/usr/local/texlive/2020/texmf-dist/tex/latex/koma-script/scrbase.sty
Package: scrbase 2020/01/24 v3.29 KOMA-Script package (KOMA-Script-independent 
basics and keyval usage)

(/usr/local/texlive/2020/texmf-dist/tex/latex/graphics/keyval.sty
Package: keyval 2014/10/28 v1.15 key=value parser (DPC)
\KV@toks@=\toks15
)
(/usr/local/texlive/2020/texmf-dist/tex/latex/koma-script/scrlfile.sty
Package: scrlfile 2020/01/24 v3.29 KOMA-Script package (loading files)
)))
(/usr/local/texlive/2020/texmf-dist/tex/latex/koma-script/tocbasic.sty
Package: tocbasic 2020/01/24 v3.29 KOMA-Script package (handling toc-files)
\scr@dte@tocline@numberwidth=\skip47
\scr@dte@tocline@numbox=\box45
)
Package tocbasic Info: omitting babel extension for `toc'
(tocbasic)             because of feature `nobabel' available
(tocbasic)             for `toc' on input line 137.
Class scrbook Info: You've used standard option `openright'.
(scrbook)           This is correct!
(scrbook)           Internally I'm using `open=right'.
(scrbook)           If you'd like to set the option with \KOMAoptions,
(scrbook)           you'd have to use `open=right' there
(scrbook)           instead of `openright', too.
Class scrbook Info: File `scrsize11pt.clo' used instead of
(scrbook)           file `scrsize11.clo' to setup font sizes on input line 2424
.

(/usr/local/texlive/2020/texmf-dist/tex/latex/koma-script/scrsize11pt.clo
File: scrsize11pt.clo 2020/01/24 v3.29 KOMA-Script font size class option (11pt
)
)
(/usr/local/texlive/2020/texmf-dist/tex/latex/koma-script/typearea.sty
Package: typearea 2020/01/24 v3.29 KOMA-Script package (type area)
\ta@bcor=\skip48
\ta@div=\count167
\ta@hblk=\skip49
\ta@vblk=\skip50
\ta@temp=\skip51
\footheight=\skip52
Package typearea Info: These are the values describing the layout:
(typearea)             DIV  = 10
(typearea)             BCOR = 0.0pt
(typearea)             \paperwidth      = 597.50793pt
(typearea)              \textwidth      = 418.25555pt
(typearea)              DIV departure   = -6%
(typearea)              \evensidemargin = 47.2316pt
(typearea)              \oddsidemargin  = -12.5192pt
(typearea)             \paperheight     = 845.04694pt
(typearea)              \textheight     = 555.00024pt
(typearea)              \topmargin      = 12.2347pt
(typearea)              \headheight     = 17.0pt
(typearea)              \headsep        = 20.40001pt
(typearea)              \topskip        = 11.0pt
(typearea)              \footskip       = 47.6pt
(typearea)              \baselineskip   = 13.6pt
(typearea)              on input line 1719.
)
\c@part=\count168
\c@chapter=\count169
\c@section=\count170
\c@subsection=\count171
\c@subsubsection=\count172
\c@paragraph=\count173
\c@subparagraph=\count174
\scr@dte@chapter@maxnumwidth=\skip53
Class scrbook Info: using compatibility default `afterindent=bysign'
(scrbook)           for `\chapter on input line 5545.
\scr@dte@section@maxnumwidth=\skip54
Class scrbook Info: using compatibility default `runin=bysign'
(scrbook)           for `\section on input line 5555.
Class scrbook Info: using compatibility default `afterindent=bysign'
(scrbook)           for `\section on input line 5555.
\scr@dte@part@maxnumwidth=\skip55
Class scrbook Info: using compatibility default `afterindent=true'
(scrbook)           for `\part on input line 5564.
\scr@dte@subsection@maxnumwidth=\skip56
Class scrbook Info: using compatibility default `runin=bysign'
(scrbook)           for `\subsection on input line 5574.
Class scrbook Info: using compatibility default `afterindent=bysign'
(scrbook)           for `\subsection on input line 5574.
\scr@dte@subsubsection@maxnumwidth=\skip57
Class scrbook Info: using compatibility default `runin=bysign'
(scrbook)           for `\subsubsection on input line 5584.
Class scrbook Info: using compatibility default `afterindent=bysign'
(scrbook)           for `\subsubsection on input line 5584.
\scr@dte@paragraph@maxnumwidth=\skip58
Class scrbook Info: using compatibility default `runin=bysign'
(scrbook)           for `\paragraph on input line 5594.
Class scrbook Info: using compatibility default `afterindent=bysign'
(scrbook)           for `\paragraph on input line 5594.
\scr@dte@subparagraph@maxnumwidth=\skip59
Class scrbook Info: using compatibility default `runin=bysign'
(scrbook)           for `\subparagraph on input line 5604.
Class scrbook Info: using compatibility default `afterindent=bysign'
(scrbook)           for `\subparagraph on input line 5604.
\abovecaptionskip=\skip60
\belowcaptionskip=\skip61
\c@pti@nb@sid@b@x=\box46
Package tocbasic Info: omitting babel extension for `lof'
(tocbasic)             because of feature `nobabel' available
(tocbasic)             for `lof' on input line 6846.
\scr@dte@figure@maxnumwidth=\skip62
\c@figure=\count175
Package tocbasic Info: omitting babel extension for `lot'
(tocbasic)             because of feature `nobabel' available
(tocbasic)             for `lot' on input line 6867.
\scr@dte@table@maxnumwidth=\skip63
\c@table=\count176
Class scrbook Info: Redefining `\numberline' on input line 7040.
\bibindent=\dimen134
)
(./hudiss.sty
Package: hudiss 2009/05/21 v0.2 For scientific documents at the EDOC-Server

(/usr/local/texlive/2020/texmf-dist/tex/latex/kvoptions/kvoptions.sty
Package: kvoptions 2019/11/29 v3.13 Key value format for package options (HO)

(/usr/local/texlive/2020/texmf-dist/tex/generic/ltxcmds/ltxcmds.sty
Package: ltxcmds 2019/12/15 v1.24 LaTeX kernel commands for general use (HO)
)
(/usr/local/texlive/2020/texmf-dist/tex/generic/kvsetkeys/kvsetkeys.sty
Package: kvsetkeys 2019/12/15 v1.18 Key value parser (HO)
))
(/usr/local/texlive/2020/texmf-dist/tex/latex/kvoptions/kvoptions-patch.sty
Package: kvoptions-patch 2019/11/29 v3.13 LaTeX patch for keyval options (HO)

(/usr/local/texlive/2020/texmf-dist/tex/generic/etexcmds/etexcmds.sty
Package: etexcmds 2019/12/15 v1.7 Avoid name clashes with e-TeX commands (HO)

(/usr/local/texlive/2020/texmf-dist/tex/generic/infwarerr/infwarerr.sty
Package: infwarerr 2019/12/03 v1.5 Providing info/warning/error messages (HO)
)
(/usr/local/texlive/2020/texmf-dist/tex/generic/iftex/iftex.sty
Package: iftex 2020/03/06 v1.0d TeX engine tests
)))
(/usr/local/texlive/2020/texmf-dist/tex/generic/iftex/ifpdf.sty
Package: ifpdf 2019/10/25 v3.4 ifpdf legacy package. Use iftex instead.
)
(/usr/local/texlive/2020/texmf-dist/tex/latex/base/ifthen.sty
Package: ifthen 2014/09/29 v1.1c Standard LaTeX ifthen package (DPC)
)
(/usr/local/texlive/2020/texmf-dist/tex/latex/graphics/graphicx.sty
Package: graphicx 2019/11/30 v1.2a Enhanced LaTeX Graphics (DPC,SPQR)

(/usr/local/texlive/2020/texmf-dist/tex/latex/graphics/graphics.sty
Package: graphics 2019/11/30 v1.4a Standard LaTeX Graphics (DPC,SPQR)

(/usr/local/texlive/2020/texmf-dist/tex/latex/graphics/trig.sty
Package: trig 2016/01/03 v1.10 sin cos tan (DPC)
)
(/usr/local/texlive/2020/texmf-dist/tex/latex/graphics-cfg/graphics.cfg
File: graphics.cfg 2016/06/04 v1.11 sample graphics configuration
)
Package graphics Info: Driver file: pdftex.def on input line 105.

(/usr/local/texlive/2020/texmf-dist/tex/latex/graphics-def/pdftex.def
File: pdftex.def 2018/01/08 v1.0l Graphics/color driver for pdftex
))
\Gin@req@height=\dimen135
\Gin@req@width=\dimen136
)
(/usr/local/texlive/2020/texmf-dist/tex/latex/xcolor/xcolor.sty
Package: xcolor 2016/05/11 v2.12 LaTeX color extensions (UK)

(/usr/local/texlive/2020/texmf-dist/tex/latex/graphics-cfg/color.cfg
File: color.cfg 2016/01/02 v1.6 sample color configuration
)
Package xcolor Info: Driver file: pdftex.def on input line 225.
Package xcolor Info: Model `cmy' substituted by `cmy0' on input line 1348.
Package xcolor Info: Model `hsb' substituted by `rgb' on input line 1352.
Package xcolor Info: Model `RGB' extended on input line 1364.
Package xcolor Info: Model `HTML' substituted by `rgb' on input line 1366.
Package xcolor Info: Model `Hsb' substituted by `hsb' on input line 1367.
Package xcolor Info: Model `tHsb' substituted by `hsb' on input line 1368.
Package xcolor Info: Model `HSB' substituted by `hsb' on input line 1369.
Package xcolor Info: Model `Gray' substituted by `gray' on input line 1370.
Package xcolor Info: Model `wave' substituted by `hsb' on input line 1371.
)
(/usr/local/texlive/2020/texmf-dist/tex/latex/setspace/setspace.sty
Package: setspace 2011/12/19 v6.7a set line spacing
)
(/usr/local/texlive/2020/texmf-dist/tex/generic/babel/babel.sty
Package: babel 2020/03/22 3.42 The Babel package

(/usr/local/texlive/2020/texmf-dist/tex/generic/babel/switch.def
File: switch.def 2020/03/22 3.42 Babel switching mechanism
)
(/usr/local/texlive/2020/texmf-dist/tex/generic/babel-english/english.ldf
Language: english 2017/06/06 v3.3r English support from the babel system

(/usr/local/texlive/2020/texmf-dist/tex/generic/babel/babel.def
File: babel.def 2020/03/22 3.42 Babel common definitions
\babel@savecnt=\count177
\U@D=\dimen137

(/usr/local/texlive/2020/texmf-dist/tex/generic/babel/txtbabel.def)
\bbl@readstream=\read2
\bbl@dirlevel=\count178
)
Package babel Info: \l@canadian = using hyphenrules for english
(babel)             (\language0) on input line 102.
Package babel Info: \l@australian = using hyphenrules for ukenglish
(babel)             (\language21) on input line 105.
Package babel Info: \l@newzealand = using hyphenrules for ukenglish
(babel)             (\language21) on input line 108.
)
(/usr/local/texlive/2020/texmf-dist/tex/generic/babel-german/ngerman.ldf
Language: ngerman 2018/12/08 v2.11 German support for babel (post-1996 orthogra
phy)

(/usr/local/texlive/2020/texmf-dist/tex/generic/babel-german/ngermanb.ldf
Language: ngermanb 2018/12/08 v2.11 German support for babel (post-1996 orthogr
aphy)
Package babel Info: Making " an active character on input line 121.
)))
(/usr/local/texlive/2020/texmf-dist/tex/latex/base/fontenc.sty
Package: fontenc 2020/02/11 v2.0o Standard LaTeX package
)
(/usr/local/texlive/2020/texmf-dist/tex/latex/base/inputenc.sty
Package: inputenc 2018/08/11 v1.3c Input encoding file
\inpenc@prehook=\toks16
\inpenc@posthook=\toks17
)
(/usr/local/texlive/2020/texmf-dist/tex/latex/lm/lmodern.sty
Package: lmodern 2009/10/30 v1.6 Latin Modern Fonts
LaTeX Font Info:    Overwriting symbol font `operators' in version `normal'
(Font)                  OT1/cmr/m/n --> OT1/lmr/m/n on input line 22.
LaTeX Font Info:    Overwriting symbol font `letters' in version `normal'
(Font)                  OML/cmm/m/it --> OML/lmm/m/it on input line 23.
LaTeX Font Info:    Overwriting symbol font `symbols' in version `normal'
(Font)                  OMS/cmsy/m/n --> OMS/lmsy/m/n on input line 24.
LaTeX Font Info:    Overwriting symbol font `largesymbols' in version `normal'
(Font)                  OMX/cmex/m/n --> OMX/lmex/m/n on input line 25.
LaTeX Font Info:    Overwriting symbol font `operators' in version `bold'
(Font)                  OT1/cmr/bx/n --> OT1/lmr/bx/n on input line 26.
LaTeX Font Info:    Overwriting symbol font `letters' in version `bold'
(Font)                  OML/cmm/b/it --> OML/lmm/b/it on input line 27.
LaTeX Font Info:    Overwriting symbol font `symbols' in version `bold'
(Font)                  OMS/cmsy/b/n --> OMS/lmsy/b/n on input line 28.
LaTeX Font Info:    Overwriting symbol font `largesymbols' in version `bold'
(Font)                  OMX/cmex/m/n --> OMX/lmex/m/n on input line 29.
LaTeX Font Info:    Overwriting math alphabet `\mathbf' in version `normal'
(Font)                  OT1/cmr/bx/n --> OT1/lmr/bx/n on input line 31.
LaTeX Font Info:    Overwriting math alphabet `\mathsf' in version `normal'
(Font)                  OT1/cmss/m/n --> OT1/lmss/m/n on input line 32.
LaTeX Font Info:    Overwriting math alphabet `\mathit' in version `normal'
(Font)                  OT1/cmr/m/it --> OT1/lmr/m/it on input line 33.
LaTeX Font Info:    Overwriting math alphabet `\mathtt' in version `normal'
(Font)                  OT1/cmtt/m/n --> OT1/lmtt/m/n on input line 34.
LaTeX Font Info:    Overwriting math alphabet `\mathbf' in version `bold'
(Font)                  OT1/cmr/bx/n --> OT1/lmr/bx/n on input line 35.
LaTeX Font Info:    Overwriting math alphabet `\mathsf' in version `bold'
(Font)                  OT1/cmss/bx/n --> OT1/lmss/bx/n on input line 36.
LaTeX Font Info:    Overwriting math alphabet `\mathit' in version `bold'
(Font)                  OT1/cmr/bx/it --> OT1/lmr/bx/it on input line 37.
LaTeX Font Info:    Overwriting math alphabet `\mathtt' in version `bold'
(Font)                  OT1/cmtt/m/n --> OT1/lmtt/m/n on input line 38.
)
(/usr/local/texlive/2020/texmf-dist/tex/latex/enumitem/enumitem.sty
Package: enumitem 2019/06/20 v3.9 Customized lists
\labelindent=\skip64
\enit@outerparindent=\dimen138
\enit@toks=\toks18
\enit@inbox=\box47
\enit@count@id=\count179
\enitdp@description=\count180
)
(/usr/local/texlive/2020/texmf-dist/tex/latex/soul/soul.sty
Package: soul 2003/11/17 v2.4 letterspacing/underlining (mf)
\SOUL@word=\toks19
\SOUL@lasttoken=\toks20
\SOUL@cmds=\toks21
\SOUL@buffer=\toks22
\SOUL@token=\toks23
\SOUL@spaceskip=\skip65
\SOUL@ttwidth=\dimen139
\SOUL@uldp=\dimen140
\SOUL@ulht=\dimen141
)
(/usr/local/texlive/2020/texmf-dist/tex/latex/hyperref/hyperref.sty
Package: hyperref 2020/01/14 v7.00d Hypertext links for LaTeX

(/usr/local/texlive/2020/texmf-dist/tex/latex/pdftexcmds/pdftexcmds.sty
Package: pdftexcmds 2019/11/24 v0.31 Utility functions of pdfTeX for LuaTeX (HO
)
Package pdftexcmds Info: \pdf@primitive is available.
Package pdftexcmds Info: \pdf@ifprimitive is available.
Package pdftexcmds Info: \pdfdraftmode found.
)
(/usr/local/texlive/2020/texmf-dist/tex/generic/kvdefinekeys/kvdefinekeys.sty
Package: kvdefinekeys 2019-12-19 v1.6 Define keys (HO)
)
(/usr/local/texlive/2020/texmf-dist/tex/generic/pdfescape/pdfescape.sty
Package: pdfescape 2019/12/09 v1.15 Implements pdfTeX's escape features (HO)
)
(/usr/local/texlive/2020/texmf-dist/tex/latex/hycolor/hycolor.sty
Package: hycolor 2020-01-27 v1.10 Color options for hyperref/bookmark (HO)
)
(/usr/local/texlive/2020/texmf-dist/tex/latex/letltxmacro/letltxmacro.sty
Package: letltxmacro 2019/12/03 v1.6 Let assignment for LaTeX macros (HO)
)
(/usr/local/texlive/2020/texmf-dist/tex/latex/auxhook/auxhook.sty
Package: auxhook 2019-12-17 v1.6 Hooks for auxiliary files (HO)
)
\@linkdim=\dimen142
\Hy@linkcounter=\count181
\Hy@pagecounter=\count182

(/usr/local/texlive/2020/texmf-dist/tex/latex/hyperref/pd1enc.def
File: pd1enc.def 2020/01/14 v7.00d Hyperref: PDFDocEncoding definition (HO)
Now handling font encoding PD1 ...
... no UTF-8 mapping file for font encoding PD1
)
(/usr/local/texlive/2020/texmf-dist/tex/generic/intcalc/intcalc.sty
Package: intcalc 2019/12/15 v1.3 Expandable calculations with integers (HO)
)
\Hy@SavedSpaceFactor=\count183
Package hyperref Info: Hyper figures OFF on input line 4547.
Package hyperref Info: Link nesting OFF on input line 4552.
Package hyperref Info: Hyper index ON on input line 4555.
Package hyperref Info: Plain pages OFF on input line 4562.
Package hyperref Info: Backreferencing OFF on input line 4567.
Package hyperref Info: Implicit mode ON; LaTeX internals redefined.
Package hyperref Info: Bookmarks ON on input line 4800.
\c@Hy@tempcnt=\count184

(/usr/local/texlive/2020/texmf-dist/tex/latex/url/url.sty
\Urlmuskip=\muskip16
Package: url 2013/09/16  ver 3.4  Verb mode for urls, etc.
)
LaTeX Info: Redefining \url on input line 5159.
\XeTeXLinkMargin=\dimen143

(/usr/local/texlive/2020/texmf-dist/tex/generic/bitset/bitset.sty
Package: bitset 2019/12/09 v1.3 Handle bit-vector datatype (HO)

(/usr/local/texlive/2020/texmf-dist/tex/generic/bigintcalc/bigintcalc.sty
Package: bigintcalc 2019/12/15 v1.5 Expandable calculations on big integers (HO
)
))
\Fld@menulength=\count185
\Field@Width=\dimen144
\Fld@charsize=\dimen145
Package hyperref Info: Hyper figures OFF on input line 6430.
Package hyperref Info: Link nesting OFF on input line 6435.
Package hyperref Info: Hyper index ON on input line 6438.
Package hyperref Info: backreferencing OFF on input line 6445.
Package hyperref Info: Link coloring OFF on input line 6450.
Package hyperref Info: Link coloring with OCG OFF on input line 6455.
Package hyperref Info: PDF/A mode OFF on input line 6460.
LaTeX Info: Redefining \ref on input line 6500.
LaTeX Info: Redefining \pageref on input line 6504.

(/usr/local/texlive/2020/texmf-dist/tex/generic/atbegshi/atbegshi.sty
Package: atbegshi 2019/12/05 v1.19 At begin shipout hook (HO)
)
\Hy@abspage=\count186
\c@Item=\count187
\c@Hfootnote=\count188
)
Package hyperref Info: Driver: hpdftex.

(/usr/local/texlive/2020/texmf-dist/tex/latex/hyperref/hpdftex.def
File: hpdftex.def 2020/01/14 v7.00d Hyperref driver for pdfTeX

(/usr/local/texlive/2020/texmf-dist/tex/latex/atveryend/atveryend.sty
Package: atveryend 2019-12-11 v1.11 Hooks at the very end of document (HO)
Package atveryend Info: \enddocument detected (standard20110627).
)
\Fld@listcount=\count189
\c@bookmark@seq@number=\count190

(/usr/local/texlive/2020/texmf-dist/tex/latex/rerunfilecheck/rerunfilecheck.sty
Package: rerunfilecheck 2019/12/05 v1.9 Rerun checks for auxiliary files (HO)

(/usr/local/texlive/2020/texmf-dist/tex/generic/uniquecounter/uniquecounter.sty
Package: uniquecounter 2019/12/15 v1.4 Provide unlimited unique counter (HO)
)
Package uniquecounter Info: New unique counter `rerunfilecheck' on input line 2
86.
)
\Hy@SectionHShift=\skip66
)
Package hyperref Info: Option `plainpages' set `false' on input line 228.
Package hyperref Info: Option `colorlinks' set `true' on input line 228.
Package hyperref Info: Option `bookmarksnumbered' set `true' on input line 228.

) (./adjustment.tex
(/usr/local/texlive/2020/texmf-dist/tex/latex/amsmath/amsmath.sty
Package: amsmath 2020/01/20 v2.17e AMS math features
\@mathmargin=\skip67

For additional information on amsmath, use the `?' option.
(/usr/local/texlive/2020/texmf-dist/tex/latex/amsmath/amstext.sty
Package: amstext 2000/06/29 v2.01 AMS text

(/usr/local/texlive/2020/texmf-dist/tex/latex/amsmath/amsgen.sty
File: amsgen.sty 1999/11/30 v2.0 generic functions
\@emptytoks=\toks24
\ex@=\dimen146
))
(/usr/local/texlive/2020/texmf-dist/tex/latex/amsmath/amsbsy.sty
Package: amsbsy 1999/11/29 v1.2d Bold Symbols
\pmbraise@=\dimen147
)
(/usr/local/texlive/2020/texmf-dist/tex/latex/amsmath/amsopn.sty
Package: amsopn 2016/03/08 v2.02 operator names
)
\inf@bad=\count191
LaTeX Info: Redefining \frac on input line 227.
\uproot@=\count192
\leftroot@=\count193
LaTeX Info: Redefining \overline on input line 389.
\classnum@=\count194
\DOTSCASE@=\count195
LaTeX Info: Redefining \ldots on input line 486.
LaTeX Info: Redefining \dots on input line 489.
LaTeX Info: Redefining \cdots on input line 610.
\Mathstrutbox@=\box48
\strutbox@=\box49
\big@size=\dimen148
LaTeX Font Info:    Redeclaring font encoding OML on input line 733.
LaTeX Font Info:    Redeclaring font encoding OMS on input line 734.
\macc@depth=\count196
\c@MaxMatrixCols=\count197
\dotsspace@=\muskip17
\c@parentequation=\count198
\dspbrk@lvl=\count199
\tag@help=\toks25
\row@=\count266
\column@=\count267
\maxfields@=\count268
\andhelp@=\toks26
\eqnshift@=\dimen149
\alignsep@=\dimen150
\tagshift@=\dimen151
\tagwidth@=\dimen152
\totwidth@=\dimen153
\lineht@=\dimen154
\@envbody=\toks27
\multlinegap=\skip68
\multlinetaggap=\skip69
\mathdisplay@stack=\toks28
LaTeX Info: Redefining \[ on input line 2859.
LaTeX Info: Redefining \] on input line 2860.
)
(/usr/local/texlive/2020/texmf-dist/tex/latex/amsfonts/amssymb.sty
Package: amssymb 2013/01/14 v3.01 AMS font symbols

(/usr/local/texlive/2020/texmf-dist/tex/latex/amsfonts/amsfonts.sty
Package: amsfonts 2013/01/14 v3.01 Basic AMSFonts support
\symAMSa=\mathgroup4
\symAMSb=\mathgroup5
LaTeX Font Info:    Redeclaring math symbol \hbar on input line 98.
LaTeX Font Info:    Overwriting math alphabet `\mathfrak' in version `bold'
(Font)                  U/euf/m/n --> U/euf/b/n on input line 106.
))
(/usr/local/texlive/2020/texmf-dist/tex/latex/amscls/amsthm.sty
Package: amsthm 2017/10/31 v2.20.4
\thm@style=\toks29
\thm@bodyfont=\toks30
\thm@headfont=\toks31
\thm@notefont=\toks32
\thm@headpunct=\toks33
\thm@preskip=\skip70
\thm@postskip=\skip71
\thm@headsep=\skip72
\dth@everypar=\toks34
)
(/usr/local/texlive/2020/texmf-dist/tex/latex/xpatch/xpatch.sty
(/usr/local/texlive/2020/texmf-dist/tex/latex/l3kernel/expl3.sty
Package: expl3 2020-03-06 L3 programming layer (loader) 

(/usr/local/texlive/2020/texmf-dist/tex/latex/l3backend/l3backend-pdfmode.def
File: l3backend-pdfmode.def 2020-03-12 L3 backend support: PDF mode
\l__kernel_color_stack_int=\count269
\l__pdf_internal_box=\box50
))
Package: xpatch 2020/03/25 v0.3a Extending etoolbox patching commands
(/usr/local/texlive/2020/texmf-dist/tex/latex/l3packages/xparse/xparse.sty
Package: xparse 2020-03-06 L3 Experimental document command parser
\l__xparse_current_arg_int=\count270
\g__xparse_grabber_int=\count271
\l__xparse_m_args_int=\count272
\l__xparse_v_nesting_int=\count273
)
(/usr/local/texlive/2020/texmf-dist/tex/latex/etoolbox/etoolbox.sty
Package: etoolbox 2019/09/21 v2.5h e-TeX tools for LaTeX (JAW)
\etb@tempcnta=\count274
))
Class scrbook Info: amsthm's \deferred@thm@head patched.

(/usr/local/texlive/2020/texmf-dist/tex/latex/epigraph/epigraph.sty
Package: epigraph 2020/01/02 v1.5e typesetting epigraphs

(/usr/local/texlive/2020/texmf-dist/tex/latex/nextpage/nextpage.sty
Package: nextpage 2009/09/03 v1.1a additional page commands
)
\beforeepigraphskip=\skip73
\afterepigraphskip=\skip74
\epigraphwidth=\skip75
\epigraphrule=\skip76
)
(/usr/local/texlive/2020/texmf-dist/tex/latex/koma-script/scrpage2.sty
Package: scrpage2 2020/01/24 v3.29 KOMA-Script package (page head and foot)


Package scrpage2 Warning: usage of obsolete package!
(scrpage2)                Package `scrpage2' is obsolete.
(scrpage2)                You should not longer use package `scrpage2'.
(scrpage2)                You should replace usage of package `scrpage2'
(scrpage2)                by `scrlayer-scrpage' on input line 52.

LaTeX Info: Redefining \pagemark on input line 180.
) (/usr/local/texlive/2020/texmf-dist/tex/latex/oberdiek/centernot.sty
Package: centernot 2016/05/16 v1.4 Centers the not symbol horizontally (HO)
)
(/usr/local/texlive/2020/texmf-dist/tex/latex/multirow/multirow.sty
Package: multirow 2019/05/31 v2.5 Span multiple rows of a table
\multirow@colwidth=\skip77
\multirow@cntb=\count275
\multirow@dima=\skip78
\bigstrutjot=\dimen155
)
(/usr/local/texlive/2020/texmf-dist/tex/latex/pdfpages/pdfpages.sty
Package: pdfpages 2020/01/28 v0.5q Insert pages of external PDF documents (AM)

(/usr/local/texlive/2020/texmf-dist/tex/latex/tools/calc.sty
Package: calc 2017/05/25 v4.3 Infix arithmetic (KKT,FJ)
\calc@Acount=\count276
\calc@Bcount=\count277
\calc@Adimen=\dimen156
\calc@Bdimen=\dimen157
\calc@Askip=\skip79
\calc@Bskip=\skip80
LaTeX Info: Redefining \setlength on input line 80.
LaTeX Info: Redefining \addtolength on input line 81.
\calc@Ccount=\count278
\calc@Cskip=\skip81
)
(/usr/local/texlive/2020/texmf-dist/tex/latex/eso-pic/eso-pic.sty
Package: eso-pic 2018/04/12 v2.0h eso-pic (RN)
)
\AM@pagewidth=\dimen158
\AM@pageheight=\dimen159

(/usr/local/texlive/2020/texmf-dist/tex/latex/pdfpages/pppdftex.def
File: pppdftex.def 2020/01/28 v0.5q Pdfpages driver for pdfTeX (AM)
)
\AM@pagebox=\box51
\AM@global@opts=\toks35
\AM@pagecnt=\count279
\AM@toc@title=\toks36
\c@AM@survey=\count280
\AM@templatesizebox=\box52
)
(/usr/local/texlive/2020/texmf-dist/tex/latex/currvita/currvita.sty
Package: currvita 1999/09/13 v0.9i Typesetting a Curriculum Vitae
\@cvlistheading=\box53
\cvlabelsep=\skip82
\cvlabelskip=\skip83
\cvlabelwidth=\skip84
)
(/usr/local/texlive/2020/texmf-dist/tex/latex/natbib/natbib.sty
Package: natbib 2010/09/13 8.31b (PWD, AO)
\bibhang=\skip85
\bibsep=\skip86
LaTeX Info: Redefining \citet on input line 685.
LaTeX Info: Redefining \citep on input line 691.
LaTeX Info: Redefining \cite on input line 694.
LaTeX Info: Redefining \citeauthor on input line 712.
\c@NAT@ctr=\count281
)
(/usr/local/texlive/2020/texmf-dist/tex/latex/placeins/placeins.sty
Package: placeins 2005/04/18  v 2.2
)
(/usr/local/texlive/2020/texmf-dist/tex/latex/booktabs/booktabs.sty
Package: booktabs 2020/01/12 v1.61803398 Publication quality tables
\heavyrulewidth=\dimen160
\lightrulewidth=\dimen161
\cmidrulewidth=\dimen162
\belowrulesep=\dimen163
\belowbottomsep=\dimen164
\aboverulesep=\dimen165
\abovetopsep=\dimen166
\cmidrulesep=\dimen167
\cmidrulekern=\dimen168
\defaultaddspace=\dimen169
\@cmidla=\count282
\@cmidlb=\count283
\@aboverulesep=\dimen170
\@belowrulesep=\dimen171
\@thisruleclass=\count284
\@lastruleclass=\count285
\@thisrulewidth=\dimen172
)
(/usr/local/texlive/2020/texmf-dist/tex/latex/ragged2e/ragged2e.sty
Package: ragged2e 2019/07/28 v2.2 ragged2e Package (MS)

(/usr/local/texlive/2020/texmf-dist/tex/latex/ms/everysel.sty
Package: everysel 2011/10/28 v1.2 EverySelectfont Package (MS)
)
\CenteringLeftskip=\skip87
\RaggedLeftLeftskip=\skip88
\RaggedRightLeftskip=\skip89
\CenteringRightskip=\skip90
\RaggedLeftRightskip=\skip91
\RaggedRightRightskip=\skip92
\CenteringParfillskip=\skip93
\RaggedLeftParfillskip=\skip94
\RaggedRightParfillskip=\skip95
\JustifyingParfillskip=\skip96
\CenteringParindent=\skip97
\RaggedLeftParindent=\skip98
\RaggedRightParindent=\skip99
\JustifyingParindent=\skip100
)
(/usr/local/texlive/2020/texmf-dist/tex/latex/bbold/bbold.sty
Package: bbold 1994/04/06 Bbold symbol package
LaTeX Font Info:    Redeclaring math alphabet \mathbb on input line 42.
) (./lieart.sty
Package: lieart 2019/06/30 v2.00 LieART Package
\irrepwidth=\skip101
\irrepbarthickness=\skip102
\irrepbarheight=\skip103
)
(/usr/local/texlive/2020/texmf-dist/tex/latex/colortbl/colortbl.sty
Package: colortbl 2020/01/04 v1.0e Color table columns (DPC)

(/usr/local/texlive/2020/texmf-dist/tex/latex/tools/array.sty
Package: array 2019/08/31 v2.4l Tabular extension package (FMi)
\col@sep=\dimen173
\ar@mcellbox=\box54
\extrarowheight=\dimen174
\NC@list=\toks37
\extratabsurround=\skip104
\backup@length=\skip105
\ar@cellbox=\box55
)
\everycr=\toks38
\minrowclearance=\skip106
) (./slashbox.sty
slashbox style by K.Yasuoka, May 1993.
\@slashboxa=\box56
\@slashboxb=\box57
\@slashboxc=\box58
\@slashboxwd=\count286
\@slashboxht=\count287
\@slashsepl=\dimen175
\@slashsepr=\dimen176
) (/usr/local/texlive/2020/texmf-dist/tex/generic/ulem/ulem.sty
\UL@box=\box59
\UL@hyphenbox=\box60
\UL@skip=\skip107
\UL@hook=\toks39
\UL@height=\dimen177
\UL@pe=\count288
\UL@pixel=\dimen178
\ULC@box=\box61
Package: ulem 2019/11/18
\ULdepth=\dimen179
)
(/usr/local/texlive/2020/texmf-dist/tex/latex/siunitx/siunitx.sty
Package: siunitx 2020/02/25 v2.8b A comprehensive (SI) units package

(/usr/local/texlive/2020/texmf-dist/tex/latex/l3packages/l3keys2e/l3keys2e.sty
Package: l3keys2e 2020-03-06 LaTeX2e option processing using LaTeX3 keys
)
\l__siunitx_tmp_box=\box62
\l__siunitx_tmp_dim=\dimen180
\l__siunitx_tmp_int=\count289
\l__siunitx_number_mantissa_length_int=\count290
\l__siunitx_number_uncert_length_int=\count291
\l__siunitx_round_int=\count292
\l__siunitx_process_decimal_int=\count293
\l__siunitx_process_uncertainty_int=\count294
\l__siunitx_process_fixed_int=\count295
\l__siunitx_process_integer_min_int=\count296
\l__siunitx_process_precision_int=\count297
\l__siunitx_group_min_int=\count298
\l__siunitx_angle_marker_box=\box63
\l__siunitx_angle_unit_box=\box64
\l__siunitx_angle_marker_dim=\dimen181
\l__siunitx_angle_unit_dim=\dimen182
\l__siunitx_unit_int=\count299
\l__siunitx_unit_denominator_int=\count300
\l__siunitx_unit_numerator_int=\count301
\l__siunitx_unit_prefix_int=\count302
\l__siunitx_unit_prefix_base_int=\count303
\l__siunitx_unit_prefix_gram_int=\count304
\l__siunitx_number_product_int=\count305
\c__siunitx_one_fill_skip=\skip108
\l__siunitx_table_unit_align_skip=\skip109
\l__siunitx_table_exponent_dim=\dimen183
\l__siunitx_table_integer_dim=\dimen184
\l__siunitx_table_mantissa_dim=\dimen185
\l__siunitx_table_marker_dim=\dimen186
\l__siunitx_table_result_dim=\dimen187
\l__siunitx_table_uncert_dim=\dimen188
\l__siunitx_table_fill_pre_dim=\dimen189
\l__siunitx_table_fill_post_dim=\dimen190
\l__siunitx_table_fill_mid_dim=\dimen191
\l__siunitx_table_pre_box=\box65
\l__siunitx_table_post_box=\box66
\l__siunitx_table_mantissa_box=\box67
\l__siunitx_table_result_box=\box68
\l__siunitx_table_number_align_skip=\skip110
\l__siunitx_table_text_align_skip=\skip111
(/usr/local/texlive/2020/texmf-dist/tex/latex/translator/translator.sty
Package: translator 2019-05-31 v1.12a Easy translation of strings in LaTeX
))
(/usr/local/texlive/2020/texmf-dist/tex/latex/pgfplots/pgfplotstable.sty
(/usr/local/texlive/2020/texmf-dist/tex/generic/pgfplots/pgfplots.revision.tex)
Package: pgfplotstable 2020/02/29 v1.17 Table typesetting and Pretty-printing (
1.17)
(/usr/local/texlive/2020/texmf-dist/tex/latex/pgfplots/pgfplots.sty
(/usr/local/texlive/2020/texmf-dist/tex/generic/pgfplots/pgfplots.revision.tex)
Package: pgfplots 2020/02/29 v1.17 Data Visualization (1.17)
(/usr/local/texlive/2020/texmf-dist/tex/latex/pgf/frontendlayer/tikz.sty
(/usr/local/texlive/2020/texmf-dist/tex/latex/pgf/basiclayer/pgf.sty
(/usr/local/texlive/2020/texmf-dist/tex/latex/pgf/utilities/pgfrcs.sty
(/usr/local/texlive/2020/texmf-dist/tex/generic/pgf/utilities/pgfutil-common.te
x
\pgfutil@everybye=\toks40
\pgfutil@tempdima=\dimen192
\pgfutil@tempdimb=\dimen193

(/usr/local/texlive/2020/texmf-dist/tex/generic/pgf/utilities/pgfutil-common-li
sts.tex))
(/usr/local/texlive/2020/texmf-dist/tex/generic/pgf/utilities/pgfutil-latex.def
\pgfutil@abb=\box69
(/usr/local/texlive/2020/texmf-dist/tex/latex/ms/everyshi.sty
Package: everyshi 2001/05/15 v3.00 EveryShipout Package (MS)
))
(/usr/local/texlive/2020/texmf-dist/tex/generic/pgf/utilities/pgfrcs.code.tex
(/usr/local/texlive/2020/texmf-dist/tex/generic/pgf/pgf.revision.tex)
Package: pgfrcs 2020/01/08 v3.1.5b (3.1.5b)
))
Package: pgf 2020/01/08 v3.1.5b (3.1.5b)

(/usr/local/texlive/2020/texmf-dist/tex/latex/pgf/basiclayer/pgfcore.sty
(/usr/local/texlive/2020/texmf-dist/tex/latex/pgf/systemlayer/pgfsys.sty
(/usr/local/texlive/2020/texmf-dist/tex/generic/pgf/systemlayer/pgfsys.code.tex
Package: pgfsys 2020/01/08 v3.1.5b (3.1.5b)
(/usr/local/texlive/2020/texmf-dist/tex/generic/pgf/utilities/pgfkeys.code.tex
\pgfkeys@pathtoks=\toks41
\pgfkeys@temptoks=\toks42

(/usr/local/texlive/2020/texmf-dist/tex/generic/pgf/utilities/pgfkeysfiltered.c
ode.tex
\pgfkeys@tmptoks=\toks43
))
\pgf@x=\dimen194
\pgf@y=\dimen195
\pgf@xa=\dimen196
\pgf@ya=\dimen197
\pgf@xb=\dimen198
\pgf@yb=\dimen199
\pgf@xc=\dimen256
\pgf@yc=\dimen257
\pgf@xd=\dimen258
\pgf@yd=\dimen259
\w@pgf@writea=\write3
\r@pgf@reada=\read3
\c@pgf@counta=\count306
\c@pgf@countb=\count307
\c@pgf@countc=\count308
\c@pgf@countd=\count309
\t@pgf@toka=\toks44
\t@pgf@tokb=\toks45
\t@pgf@tokc=\toks46
\pgf@sys@id@count=\count310

(/usr/local/texlive/2020/texmf-dist/tex/generic/pgf/systemlayer/pgf.cfg
File: pgf.cfg 2020/01/08 v3.1.5b (3.1.5b)
)
Driver file for pgf: pgfsys-pdftex.def

(/usr/local/texlive/2020/texmf-dist/tex/generic/pgf/systemlayer/pgfsys-pdftex.d
ef
File: pgfsys-pdftex.def 2020/01/08 v3.1.5b (3.1.5b)

(/usr/local/texlive/2020/texmf-dist/tex/generic/pgf/systemlayer/pgfsys-common-p
df.def
File: pgfsys-common-pdf.def 2020/01/08 v3.1.5b (3.1.5b)
)))
(/usr/local/texlive/2020/texmf-dist/tex/generic/pgf/systemlayer/pgfsyssoftpath.
code.tex
File: pgfsyssoftpath.code.tex 2020/01/08 v3.1.5b (3.1.5b)
\pgfsyssoftpath@smallbuffer@items=\count311
\pgfsyssoftpath@bigbuffer@items=\count312
)
(/usr/local/texlive/2020/texmf-dist/tex/generic/pgf/systemlayer/pgfsysprotocol.
code.tex
File: pgfsysprotocol.code.tex 2020/01/08 v3.1.5b (3.1.5b)
))
(/usr/local/texlive/2020/texmf-dist/tex/generic/pgf/basiclayer/pgfcore.code.tex
Package: pgfcore 2020/01/08 v3.1.5b (3.1.5b)
(/usr/local/texlive/2020/texmf-dist/tex/generic/pgf/math/pgfmath.code.tex
(/usr/local/texlive/2020/texmf-dist/tex/generic/pgf/math/pgfmathcalc.code.tex
(/usr/local/texlive/2020/texmf-dist/tex/generic/pgf/math/pgfmathutil.code.tex)
(/usr/local/texlive/2020/texmf-dist/tex/generic/pgf/math/pgfmathparser.code.tex
\pgfmath@dimen=\dimen260
\pgfmath@count=\count313
\pgfmath@box=\box70
\pgfmath@toks=\toks47
\pgfmath@stack@operand=\toks48
\pgfmath@stack@operation=\toks49
)
(/usr/local/texlive/2020/texmf-dist/tex/generic/pgf/math/pgfmathfunctions.code.
tex
(/usr/local/texlive/2020/texmf-dist/tex/generic/pgf/math/pgfmathfunctions.basic
.code.tex)
(/usr/local/texlive/2020/texmf-dist/tex/generic/pgf/math/pgfmathfunctions.trigo
nometric.code.tex)
(/usr/local/texlive/2020/texmf-dist/tex/generic/pgf/math/pgfmathfunctions.rando
m.code.tex)
(/usr/local/texlive/2020/texmf-dist/tex/generic/pgf/math/pgfmathfunctions.compa
rison.code.tex)
(/usr/local/texlive/2020/texmf-dist/tex/generic/pgf/math/pgfmathfunctions.base.
code.tex)
(/usr/local/texlive/2020/texmf-dist/tex/generic/pgf/math/pgfmathfunctions.round
.code.tex)
(/usr/local/texlive/2020/texmf-dist/tex/generic/pgf/math/pgfmathfunctions.misc.
code.tex)
(/usr/local/texlive/2020/texmf-dist/tex/generic/pgf/math/pgfmathfunctions.integ
erarithmetics.code.tex)))
(/usr/local/texlive/2020/texmf-dist/tex/generic/pgf/math/pgfmathfloat.code.tex
\c@pgfmathroundto@lastzeros=\count314
)) (/usr/local/texlive/2020/texmf-dist/tex/generic/pgf/math/pgfint.code.tex)
(/usr/local/texlive/2020/texmf-dist/tex/generic/pgf/basiclayer/pgfcorepoints.co
de.tex
File: pgfcorepoints.code.tex 2020/01/08 v3.1.5b (3.1.5b)
\pgf@picminx=\dimen261
\pgf@picmaxx=\dimen262
\pgf@picminy=\dimen263
\pgf@picmaxy=\dimen264
\pgf@pathminx=\dimen265
\pgf@pathmaxx=\dimen266
\pgf@pathminy=\dimen267
\pgf@pathmaxy=\dimen268
\pgf@xx=\dimen269
\pgf@xy=\dimen270
\pgf@yx=\dimen271
\pgf@yy=\dimen272
\pgf@zx=\dimen273
\pgf@zy=\dimen274
)
(/usr/local/texlive/2020/texmf-dist/tex/generic/pgf/basiclayer/pgfcorepathconst
ruct.code.tex
File: pgfcorepathconstruct.code.tex 2020/01/08 v3.1.5b (3.1.5b)
\pgf@path@lastx=\dimen275
\pgf@path@lasty=\dimen276
)
(/usr/local/texlive/2020/texmf-dist/tex/generic/pgf/basiclayer/pgfcorepathusage
.code.tex
File: pgfcorepathusage.code.tex 2020/01/08 v3.1.5b (3.1.5b)
\pgf@shorten@end@additional=\dimen277
\pgf@shorten@start@additional=\dimen278
)
(/usr/local/texlive/2020/texmf-dist/tex/generic/pgf/basiclayer/pgfcorescopes.co
de.tex
File: pgfcorescopes.code.tex 2020/01/08 v3.1.5b (3.1.5b)
\pgfpic=\box71
\pgf@hbox=\box72
\pgf@layerbox@main=\box73
\pgf@picture@serial@count=\count315
)
(/usr/local/texlive/2020/texmf-dist/tex/generic/pgf/basiclayer/pgfcoregraphicst
ate.code.tex
File: pgfcoregraphicstate.code.tex 2020/01/08 v3.1.5b (3.1.5b)
\pgflinewidth=\dimen279
)
(/usr/local/texlive/2020/texmf-dist/tex/generic/pgf/basiclayer/pgfcoretransform
ations.code.tex
File: pgfcoretransformations.code.tex 2020/01/08 v3.1.5b (3.1.5b)
\pgf@pt@x=\dimen280
\pgf@pt@y=\dimen281
\pgf@pt@temp=\dimen282
)
(/usr/local/texlive/2020/texmf-dist/tex/generic/pgf/basiclayer/pgfcorequick.cod
e.tex
File: pgfcorequick.code.tex 2020/01/08 v3.1.5b (3.1.5b)
)
(/usr/local/texlive/2020/texmf-dist/tex/generic/pgf/basiclayer/pgfcoreobjects.c
ode.tex
File: pgfcoreobjects.code.tex 2020/01/08 v3.1.5b (3.1.5b)
)
(/usr/local/texlive/2020/texmf-dist/tex/generic/pgf/basiclayer/pgfcorepathproce
ssing.code.tex
File: pgfcorepathprocessing.code.tex 2020/01/08 v3.1.5b (3.1.5b)
)
(/usr/local/texlive/2020/texmf-dist/tex/generic/pgf/basiclayer/pgfcorearrows.co
de.tex
File: pgfcorearrows.code.tex 2020/01/08 v3.1.5b (3.1.5b)
\pgfarrowsep=\dimen283
)
(/usr/local/texlive/2020/texmf-dist/tex/generic/pgf/basiclayer/pgfcoreshade.cod
e.tex
File: pgfcoreshade.code.tex 2020/01/08 v3.1.5b (3.1.5b)
\pgf@max=\dimen284
\pgf@sys@shading@range@num=\count316
\pgf@shadingcount=\count317
)
(/usr/local/texlive/2020/texmf-dist/tex/generic/pgf/basiclayer/pgfcoreimage.cod
e.tex
File: pgfcoreimage.code.tex 2020/01/08 v3.1.5b (3.1.5b)

(/usr/local/texlive/2020/texmf-dist/tex/generic/pgf/basiclayer/pgfcoreexternal.
code.tex
File: pgfcoreexternal.code.tex 2020/01/08 v3.1.5b (3.1.5b)
\pgfexternal@startupbox=\box74
))
(/usr/local/texlive/2020/texmf-dist/tex/generic/pgf/basiclayer/pgfcorelayers.co
de.tex
File: pgfcorelayers.code.tex 2020/01/08 v3.1.5b (3.1.5b)
)
(/usr/local/texlive/2020/texmf-dist/tex/generic/pgf/basiclayer/pgfcoretranspare
ncy.code.tex
File: pgfcoretransparency.code.tex 2020/01/08 v3.1.5b (3.1.5b)
)
(/usr/local/texlive/2020/texmf-dist/tex/generic/pgf/basiclayer/pgfcorepatterns.
code.tex
File: pgfcorepatterns.code.tex 2020/01/08 v3.1.5b (3.1.5b)
)
(/usr/local/texlive/2020/texmf-dist/tex/generic/pgf/basiclayer/pgfcorerdf.code.
tex
File: pgfcorerdf.code.tex 2020/01/08 v3.1.5b (3.1.5b)
)))
(/usr/local/texlive/2020/texmf-dist/tex/generic/pgf/modules/pgfmoduleshapes.cod
e.tex
File: pgfmoduleshapes.code.tex 2020/01/08 v3.1.5b (3.1.5b)
\pgfnodeparttextbox=\box75
)
(/usr/local/texlive/2020/texmf-dist/tex/generic/pgf/modules/pgfmoduleplot.code.
tex
File: pgfmoduleplot.code.tex 2020/01/08 v3.1.5b (3.1.5b)
)
(/usr/local/texlive/2020/texmf-dist/tex/latex/pgf/compatibility/pgfcomp-version
-0-65.sty
Package: pgfcomp-version-0-65 2020/01/08 v3.1.5b (3.1.5b)
\pgf@nodesepstart=\dimen285
\pgf@nodesepend=\dimen286
)
(/usr/local/texlive/2020/texmf-dist/tex/latex/pgf/compatibility/pgfcomp-version
-1-18.sty
Package: pgfcomp-version-1-18 2020/01/08 v3.1.5b (3.1.5b)
))
(/usr/local/texlive/2020/texmf-dist/tex/latex/pgf/utilities/pgffor.sty
(/usr/local/texlive/2020/texmf-dist/tex/latex/pgf/utilities/pgfkeys.sty
(/usr/local/texlive/2020/texmf-dist/tex/generic/pgf/utilities/pgfkeys.code.tex)
) (/usr/local/texlive/2020/texmf-dist/tex/latex/pgf/math/pgfmath.sty
(/usr/local/texlive/2020/texmf-dist/tex/generic/pgf/math/pgfmath.code.tex))
(/usr/local/texlive/2020/texmf-dist/tex/generic/pgf/utilities/pgffor.code.tex
Package: pgffor 2020/01/08 v3.1.5b (3.1.5b)

(/usr/local/texlive/2020/texmf-dist/tex/generic/pgf/math/pgfmath.code.tex)
\pgffor@iter=\dimen287
\pgffor@skip=\dimen288
\pgffor@stack=\toks50
\pgffor@toks=\toks51
))
(/usr/local/texlive/2020/texmf-dist/tex/generic/pgf/frontendlayer/tikz/tikz.cod
e.tex
Package: tikz 2020/01/08 v3.1.5b (3.1.5b)

(/usr/local/texlive/2020/texmf-dist/tex/generic/pgf/libraries/pgflibraryplothan
dlers.code.tex
File: pgflibraryplothandlers.code.tex 2020/01/08 v3.1.5b (3.1.5b)
\pgf@plot@mark@count=\count318
\pgfplotmarksize=\dimen289
)
\tikz@lastx=\dimen290
\tikz@lasty=\dimen291
\tikz@lastxsaved=\dimen292
\tikz@lastysaved=\dimen293
\tikz@lastmovetox=\dimen294
\tikz@lastmovetoy=\dimen295
\tikzleveldistance=\dimen296
\tikzsiblingdistance=\dimen297
\tikz@figbox=\box76
\tikz@figbox@bg=\box77
\tikz@tempbox=\box78
\tikz@tempbox@bg=\box79
\tikztreelevel=\count319
\tikznumberofchildren=\count320
\tikznumberofcurrentchild=\count321
\tikz@fig@count=\count322

(/usr/local/texlive/2020/texmf-dist/tex/generic/pgf/modules/pgfmodulematrix.cod
e.tex
File: pgfmodulematrix.code.tex 2020/01/08 v3.1.5b (3.1.5b)
\pgfmatrixcurrentrow=\count323
\pgfmatrixcurrentcolumn=\count324
\pgf@matrix@numberofcolumns=\count325
)
\tikz@expandcount=\count326

(/usr/local/texlive/2020/texmf-dist/tex/generic/pgf/frontendlayer/tikz/librarie
s/tikzlibrarytopaths.code.tex
File: tikzlibrarytopaths.code.tex 2020/01/08 v3.1.5b (3.1.5b)
)))
(/usr/local/texlive/2020/texmf-dist/tex/generic/pgfplots/pgfplots.code.tex
(/usr/local/texlive/2020/texmf-dist/tex/generic/pgfplots/pgfplotscore.code.tex
\t@pgfplots@toka=\toks52
\t@pgfplots@tokb=\toks53
\t@pgfplots@tokc=\toks54
\pgfplots@tmpa=\dimen298
\c@pgfplots@coordindex=\count327
\c@pgfplots@scanlineindex=\count328

(/usr/local/texlive/2020/texmf-dist/tex/generic/pgfplots/sys/pgfplotssysgeneric
.code.tex))
(/usr/local/texlive/2020/texmf-dist/tex/generic/pgfplots/libs/pgfplotslibrary.c
ode.tex)
(/usr/local/texlive/2020/texmf-dist/tex/generic/pgfplots/oldpgfcompatib/pgfplot
soldpgfsupp_loader.code.tex
(/usr/local/texlive/2020/texmf-dist/tex/generic/pgf/libraries/pgflibraryfpu.cod
e.tex))
(/usr/local/texlive/2020/texmf-dist/tex/generic/pgfplots/util/pgfplotsutil.code
.tex
(/usr/local/texlive/2020/texmf-dist/tex/generic/pgfplots/liststructure/pgfplots
liststructure.code.tex)
(/usr/local/texlive/2020/texmf-dist/tex/generic/pgfplots/liststructure/pgfplots
liststructureext.code.tex)
(/usr/local/texlive/2020/texmf-dist/tex/generic/pgfplots/liststructure/pgfplots
array.code.tex
\c@pgfplotsarray@tmp=\count329
)
(/usr/local/texlive/2020/texmf-dist/tex/generic/pgfplots/liststructure/pgfplots
matrix.code.tex)
(/usr/local/texlive/2020/texmf-dist/tex/generic/pgfplots/numtable/pgfplotstable
shared.code.tex
\c@pgfplotstable@counta=\count330
\t@pgfplotstable@a=\toks55
)
(/usr/local/texlive/2020/texmf-dist/tex/generic/pgfplots/liststructure/pgfplots
deque.code.tex)
(/usr/local/texlive/2020/texmf-dist/tex/generic/pgfplots/util/pgfplotsbinary.co
de.tex
(/usr/local/texlive/2020/texmf-dist/tex/generic/pgfplots/util/pgfplotsbinary.da
ta.code.tex))
(/usr/local/texlive/2020/texmf-dist/tex/generic/pgfplots/util/pgfplotsutil.verb
.code.tex)
(/usr/local/texlive/2020/texmf-dist/tex/generic/pgfplots/libs/pgflibrarypgfplot
s.surfshading.code.tex
\c@pgfplotslibrarysurf@no=\count331

(/usr/local/texlive/2020/texmf-dist/tex/generic/pgfplots/sys/pgflibrarypgfplots
.surfshading.pgfsys-pdftex.def)))
(/usr/local/texlive/2020/texmf-dist/tex/generic/pgfplots/util/pgfplotscolormap.
code.tex
(/usr/local/texlive/2020/texmf-dist/tex/generic/pgfplots/util/pgfplotscolor.cod
e.tex))
(/usr/local/texlive/2020/texmf-dist/tex/generic/pgfplots/pgfplotsstackedplots.c
ode.tex)
(/usr/local/texlive/2020/texmf-dist/tex/generic/pgfplots/pgfplotsplothandlers.c
ode.tex
(/usr/local/texlive/2020/texmf-dist/tex/generic/pgfplots/pgfplotsmeshplothandle
r.code.tex
(/usr/local/texlive/2020/texmf-dist/tex/generic/pgfplots/pgfplotsmeshplotimage.
code.tex)))
(/usr/local/texlive/2020/texmf-dist/tex/generic/pgfplots/pgfplots.scaling.code.
tex)
(/usr/local/texlive/2020/texmf-dist/tex/generic/pgfplots/pgfplotscoordprocessin
g.code.tex)
(/usr/local/texlive/2020/texmf-dist/tex/generic/pgfplots/pgfplots.errorbars.cod
e.tex)
(/usr/local/texlive/2020/texmf-dist/tex/generic/pgfplots/pgfplots.markers.code.
tex)
(/usr/local/texlive/2020/texmf-dist/tex/generic/pgfplots/pgfplotsticks.code.tex
)
(/usr/local/texlive/2020/texmf-dist/tex/generic/pgfplots/pgfplots.paths.code.te
x)
(/usr/local/texlive/2020/texmf-dist/tex/generic/pgf/frontendlayer/tikz/librarie
s/tikzlibrarydecorations.code.tex
(/usr/local/texlive/2020/texmf-dist/tex/generic/pgf/modules/pgfmoduledecoration
s.code.tex
\pgfdecoratedcompleteddistance=\dimen299
\pgfdecoratedremainingdistance=\dimen300
\pgfdecoratedinputsegmentcompleteddistance=\dimen301
\pgfdecoratedinputsegmentremainingdistance=\dimen302
\pgf@decorate@distancetomove=\dimen303
\pgf@decorate@repeatstate=\count332
\pgfdecorationsegmentamplitude=\dimen304
\pgfdecorationsegmentlength=\dimen305
)
\tikz@lib@dec@box=\box80
)
(/usr/local/texlive/2020/texmf-dist/tex/generic/pgf/frontendlayer/tikz/librarie
s/tikzlibrarydecorations.pathmorphing.code.tex
(/usr/local/texlive/2020/texmf-dist/tex/generic/pgf/libraries/decorations/pgfli
brarydecorations.pathmorphing.code.tex))
(/usr/local/texlive/2020/texmf-dist/tex/generic/pgf/frontendlayer/tikz/librarie
s/tikzlibrarydecorations.pathreplacing.code.tex
(/usr/local/texlive/2020/texmf-dist/tex/generic/pgf/libraries/decorations/pgfli
brarydecorations.pathreplacing.code.tex))
\pgfplots@numplots=\count333
\pgfplots@xmin@reg=\dimen306
\pgfplots@xmax@reg=\dimen307
\pgfplots@ymin@reg=\dimen308
\pgfplots@ymax@reg=\dimen309
\pgfplots@zmin@reg=\dimen310
\pgfplots@zmax@reg=\dimen311
)
(/usr/local/texlive/2020/texmf-dist/tex/generic/pgf/frontendlayer/tikz/librarie
s/tikzlibraryplotmarks.code.tex
File: tikzlibraryplotmarks.code.tex 2020/01/08 v3.1.5b (3.1.5b)

(/usr/local/texlive/2020/texmf-dist/tex/generic/pgf/libraries/pgflibraryplotmar
ks.code.tex
File: pgflibraryplotmarks.code.tex 2020/01/08 v3.1.5b (3.1.5b)
)))
(/usr/local/texlive/2020/texmf-dist/tex/generic/pgfplots/numtable/pgfplotstable
.code.tex
(/usr/local/texlive/2020/texmf-dist/tex/generic/pgfplots/numtable/pgfplotstable
.coltype.code.tex)))
(/usr/local/texlive/2020/texmf-dist/tex/latex/caption/caption.sty
Package: caption 2020/01/03 v3.4h Customizing captions (AR)

(/usr/local/texlive/2020/texmf-dist/tex/latex/caption/caption3.sty
Package: caption3 2020/01/03 v1.8h caption3 kernel (AR)
Package caption3 Info: TeX engine: e-TeX on input line 61.
\captionmargin=\dimen312
\captionmargin@=\dimen313
\captionwidth=\dimen314
\caption@tempdima=\dimen315
\caption@indent=\dimen316
\caption@parindent=\dimen317
\caption@hangindent=\dimen318
Package caption Info: KOMA-Script document class detected.
)
Package caption Info: KOMA-Script document class.
\c@caption@flags=\count334
\c@continuedfloat=\count335
Package caption Info: hyperref package is loaded.
)
Package scrkbase Info: You've told me to extend the font selection of the
(scrkbase)             element `pagehead' that is an alias of element
(scrkbase)             `pageheadfoot' on input line 89.


Package scrkbase Warning: `pagehead' is only an alias of `pageheadfoot'.
(scrkbase)                Font of page foot may also be changed on input line 8
9.

(/usr/local/texlive/2020/texmf-dist/tex/latex/acronym/acronym.sty
Package: acronym 2020/03/13 v1.46 Support for acronyms (Tobias Oetiker)

(/usr/local/texlive/2020/texmf-dist/tex/latex/bigfoot/suffix.sty
Package: suffix 2006/07/15 1.5a Variant command support
)
(/usr/local/texlive/2020/texmf-dist/tex/generic/xstring/xstring.sty
(/usr/local/texlive/2020/texmf-dist/tex/generic/xstring/xstring.tex
\integerpart=\count336
\decimalpart=\count337
)
Package: xstring 2019/02/06 v1.83 String manipulations (CT)
)
\AC@clearlist=\toks56
)
(/usr/local/texlive/2020/texmf-dist/tex/latex/sidecap/sidecap.sty
Package: sidecap 2003/06/06 v1.6f SideCap Package (RN/HjG)
\SC@BOXWD=\dimen319
\SC@CAPWD=\dimen320
\SC@tempdima=\dimen321
\SC@tempdimb=\dimen322
\c@SC@C=\count338
\SC@BOX=\box81
)
\c@annahme=\count339
\c@definition=\count340
\c@theorem=\count341
\c@satz=\count342
\c@frage=\count343
Package hyperref Info: Option `unicode' set `false' on input line 196.
Package hyperref Info: Option `pdftoolbar' set `true' on input line 196.
Package hyperref Info: Option `pdfmenubar' set `true' on input line 196.
Package hyperref Info: Option `pdffitwindow' set `false' on input line 196.
Package hyperref Info: Option `pdfnewwindow' set `true' on input line 196.
Package hyperref Info: Option `colorlinks' set `true' on input line 196.
Package hyperref Info: Option `linktocpage' set `true' on input line 196.
LaTeX Info: Redefining \bf on input line 291.
LaTeX Info: Redefining \it on input line 292.
LaTeX Info: Redefining \sl on input line 293.
LaTeX Info: Redefining \sc on input line 294.
LaTeX Info: Redefining \mit on input line 296.
)
(./Dissertation-alasfar.aux (./chapters/Part1/Higgs_and_SM.aux)
(./chapters/Part1/Constraints_on_Higgs.aux) (./chapters/Part1/EFT.aux)
(./chapters/Part2/single_higgs.aux) (./chapters/Part2/single_higgs_4tops.aux)
(./chapters/Part2/hz_nlo.aux) (./chapters/Part3/higgs_pair.aux)
(./chapters/Part3/dihiggs_yukawa_cut.aux

LaTeX Warning: Label `chap:overviewDiHiggs' multiply defined.

) (./chapters/Part3/dihiggs_yukawa_bdt.aux) (./chapters/Part2/Appendix_hz.aux)
(./chapters/End/list_of_publications.aux))
\openout1 = `Dissertation-alasfar.aux'.

LaTeX Font Info:    Checking defaults for OML/cmm/m/it on input line 101.
LaTeX Font Info:    ... okay on input line 101.
LaTeX Font Info:    Checking defaults for OMS/cmsy/m/n on input line 101.
LaTeX Font Info:    ... okay on input line 101.
LaTeX Font Info:    Checking defaults for OT1/cmr/m/n on input line 101.
LaTeX Font Info:    ... okay on input line 101.
LaTeX Font Info:    Checking defaults for T1/cmr/m/n on input line 101.
LaTeX Font Info:    ... okay on input line 101.
LaTeX Font Info:    Checking defaults for TS1/cmr/m/n on input line 101.
LaTeX Font Info:    ... okay on input line 101.
LaTeX Font Info:    Checking defaults for OMX/cmex/m/n on input line 101.
LaTeX Font Info:    ... okay on input line 101.
LaTeX Font Info:    Checking defaults for U/cmr/m/n on input line 101.
LaTeX Font Info:    ... okay on input line 101.
LaTeX Font Info:    Checking defaults for PD1/pdf/m/n on input line 101.
LaTeX Font Info:    ... okay on input line 101.
LaTeX Font Info:    Trying to load font information for T1+lmr on input line 10
1.

(/usr/local/texlive/2020/texmf-dist/tex/latex/lm/t1lmr.fd
File: t1lmr.fd 2009/10/30 v1.6 Font defs for Latin Modern
)
(/usr/local/texlive/2020/texmf-dist/tex/context/base/mkii/supp-pdf.mkii
[Loading MPS to PDF converter (version 2006.09.02).]
\scratchcounter=\count344
\scratchdimen=\dimen323
\scratchbox=\box82
\nofMPsegments=\count345
\nofMParguments=\count346
\everyMPshowfont=\toks57
\MPscratchCnt=\count347
\MPscratchDim=\dimen324
\MPnumerator=\count348
\makeMPintoPDFobject=\count349
\everyMPtoPDFconversion=\toks58
) (/usr/local/texlive/2020/texmf-dist/tex/latex/epstopdf-pkg/epstopdf-base.sty
Package: epstopdf-base 2020-01-24 v2.11 Base part for package epstopdf

(/usr/local/texlive/2020/texmf-dist/tex/latex/grfext/grfext.sty
Package: grfext 2019/12/03 v1.3 Manage graphics extensions (HO)
)
Package epstopdf-base Info: Redefining graphics rule for `.eps' on input line 4
85.
Package grfext Info: Graphics extension search list:
(grfext)             [.pdf,.png,.jpg,.mps,.jpeg,.jbig2,.jb2,.PDF,.PNG,.JPG,.JPE
G,.JBIG2,.JB2,.eps]
(grfext)             \AppendGraphicsExtensions on input line 504.

(/usr/local/texlive/2020/texmf-dist/tex/latex/latexconfig/epstopdf-sys.cfg
File: epstopdf-sys.cfg 2010/07/13 v1.3 Configuration of (r)epstopdf for TeX Liv
e
))
\AtBeginShipoutBox=\box83
Package hyperref Info: Link coloring ON on input line 101.

(/usr/local/texlive/2020/texmf-dist/tex/latex/hyperref/nameref.sty
Package: nameref 2019/09/16 v2.46 Cross-referencing by name of section

(/usr/local/texlive/2020/texmf-dist/tex/latex/refcount/refcount.sty
Package: refcount 2019/12/15 v3.6 Data extraction from label references (HO)
)
(/usr/local/texlive/2020/texmf-dist/tex/generic/gettitlestring/gettitlestring.s
ty
Package: gettitlestring 2019/12/15 v1.6 Cleanup title references (HO)
)
\c@section@level=\count350
)
LaTeX Info: Redefining \ref on input line 101.
LaTeX Info: Redefining \pageref on input line 101.
LaTeX Info: Redefining \nameref on input line 101.
 (./Dissertation-alasfar.out) (./Dissertation-alasfar.out)
\@outlinefile=\write4
\openout4 = `Dissertation-alasfar.out'.



Package hyperref Warning: Token not allowed in a PDF string (PDFDocEncoding):
(hyperref)                removing `\\' on input line 101.

(/usr/local/texlive/2020/texmf-dist/tex/latex/pdflscape/pdflscape.sty
Package: pdflscape 2019/12/05 v0.12 Display of landscape pages in PDF (HO)

(/usr/local/texlive/2020/texmf-dist/tex/latex/graphics/lscape.sty
Package: lscape 2000/10/22 v3.01 Landscape Pages (DPC)
)
Package pdflscape Info: Auto-detected driver: pdftex on input line 81.
)
LaTeX Font Info:    Trying to load font information for T1+lmss on input line 1
01.

(/usr/local/texlive/2020/texmf-dist/tex/latex/lm/t1lmss.fd
File: t1lmss.fd 2009/10/30 v1.6 Font defs for Latin Modern
)
ABD: EverySelectfont initializing macros
LaTeX Info: Redefining \selectfont on input line 101.

(/usr/local/texlive/2020/texmf-dist/tex/latex/translator/translator-basic-dicti
onary-English.dict
Dictionary: translator-basic-dictionary, Language: English 
)
(/usr/local/texlive/2020/texmf-dist/tex/latex/siunitx/siunitx-abbreviations.cfg
File: siunitx-abbreviations.cfg 2017/11/26 v2.7k siunitx: Abbreviated units
) ABD: EveryShipout initializing macros
Package pgfplots notification 'compat/show suggested version=true': you might b
enefit from \pgfplotsset{compat=1.17} (current compat level: 1.8).

Package caption Info: Begin \AtBeginDocument code.
Package caption Info: sidecap package is loaded.
Package caption Info: End \AtBeginDocument code.
LaTeX Font Info:    Trying to load font information for OT1+lmr on input line 1
01.
(/usr/local/texlive/2020/texmf-dist/tex/latex/lm/ot1lmr.fd
File: ot1lmr.fd 2009/10/30 v1.6 Font defs for Latin Modern
)
LaTeX Font Info:    Trying to load font information for OML+lmm on input line 1
01.

(/usr/local/texlive/2020/texmf-dist/tex/latex/lm/omllmm.fd
File: omllmm.fd 2009/10/30 v1.6 Font defs for Latin Modern
)
LaTeX Font Info:    Trying to load font information for OMS+lmsy on input line 
101.

(/usr/local/texlive/2020/texmf-dist/tex/latex/lm/omslmsy.fd
File: omslmsy.fd 2009/10/30 v1.6 Font defs for Latin Modern
)
LaTeX Font Info:    Trying to load font information for OMX+lmex on input line 
101.

(/usr/local/texlive/2020/texmf-dist/tex/latex/lm/omxlmex.fd
File: omxlmex.fd 2009/10/30 v1.6 Font defs for Latin Modern
)
LaTeX Font Info:    External font `lmex10' loaded for size
(Font)              <10.95> on input line 101.
LaTeX Font Info:    External font `lmex10' loaded for size
(Font)              <8> on input line 101.
LaTeX Font Info:    External font `lmex10' loaded for size
(Font)              <6> on input line 101.
LaTeX Font Info:    Trying to load font information for U+msa on input line 101
.

(/usr/local/texlive/2020/texmf-dist/tex/latex/amsfonts/umsa.fd
File: umsa.fd 2013/01/14 v3.01 AMS symbols A
)
LaTeX Font Info:    Trying to load font information for U+msb on input line 101
.

(/usr/local/texlive/2020/texmf-dist/tex/latex/amsfonts/umsb.fd
File: umsb.fd 2013/01/14 v3.01 AMS symbols B
)
LaTeX Font Info:    Trying to load font information for OT1+lmss on input line 
101.

(/usr/local/texlive/2020/texmf-dist/tex/latex/lm/ot1lmss.fd
File: ot1lmss.fd 2009/10/30 v1.6 Font defs for Latin Modern
)
LaTeX Font Info:    Trying to load font information for OT1+lmtt on input line 
101.

(/usr/local/texlive/2020/texmf-dist/tex/latex/lm/ot1lmtt.fd
File: ot1lmtt.fd 2009/10/30 v1.6 Font defs for Latin Modern
) (./titlepage.tex
\parindentbak=\skip112
\parskipbak=\skip113
LaTeX Font Info:    Trying to load font information for T1+lmtt on input line 4
0.

(/usr/local/texlive/2020/texmf-dist/tex/latex/lm/t1lmtt.fd
File: t1lmtt.fd 2009/10/30 v1.6 Font defs for Latin Modern
) [1



{/usr/local/texlive/2020/texmf-var/fonts/map/pdftex/updmap/pdftex.map}]) [2


]
(./Dissertation-alasfar.toc [3


])
\tf@toc=\write5
\openout5 = `Dissertation-alasfar.toc'.

 [4]
part I.
Package scrkbase Info: You've told me to use the font selection of the element
(scrkbase)             `partprefix' that is an alias of element `partnumber'
(scrkbase)              on input line 120.
[1




] [2]
\openout2 = `chapters/Part1/Higgs_and_SM.aux'.

 (./chapters/Part1/Higgs_and_SM.tex
chapter 1.
LaTeX Font Info:    External font `lmex10' loaded for size
(Font)              <10> on input line 6.
LaTeX Font Info:    External font `lmex10' loaded for size
(Font)              <7> on input line 6.
LaTeX Font Info:    External font `lmex10' loaded for size
(Font)              <5> on input line 6.


pdfTeX warning: /Library/TeX/texbin/pdflatex (file ./figures/ferrvspara.pdf): P
DF inclusion: found PDF version <1.6>, but at most version <1.5> allowed
<./figures/ferrvspara.pdf, id=276, 250.71867pt x 245.47006pt>
File: ./figures/ferrvspara.pdf Graphic file (type pdf)
<use ./figures/ferrvspara.pdf>
Package pdftex.def Info: ./figures/ferrvspara.pdf  used on input line 13.
(pdftex.def)             Requested size: 150.57225pt x 147.42549pt.
LaTeX Font Info:    External font `lmex10' loaded for size
(Font)              <9> on input line 18.
[3



]

LaTeX Font Warning: Font shape `T1/lmr/bx/sc' undefined
(Font)              using `T1/lmr/bx/n' instead on input line 34.


Package amsmath Warning: Foreign command \atopwithdelims;
(amsmath)                \frac or \genfrac should be used instead
(amsmath)                 on input line 35.

[4 <./figures/ferrvspara.pdf>] [5] [6] [7]
Underfull \vbox (badness 10000) has occurred while \output is active []

 [8]
Underfull \vbox (badness 10000) has occurred while \output is active []

 [9]
<./figures/SM.pdf, id=423, 505.89pt x 505.89pt>
File: ./figures/SM.pdf Graphic file (type pdf)
<use ./figures/SM.pdf>
Package pdftex.def Info: ./figures/SM.pdf  used on input line 189.
(pdftex.def)             Requested size: 418.25555pt x 418.25981pt.

Underfull \vbox (badness 5954) has occurred while \output is active []

 [10]
[11 <./figures/SM.pdf>]
Underfull \vbox (badness 10000) has occurred while \output is active []

 [12]
LaTeX Font Info:    Trying to load font information for U+bbold on input line 2
51.

(/usr/local/texlive/2020/texmf-dist/tex/latex/bbold/Ubbold.fd)
Underfull \vbox (badness 10000) has occurred while \output is active []

 [13]

pdfTeX warning: /Library/TeX/texbin/pdflatex (file ./figures/oblique_correction
s.pdf): PDF inclusion: found PDF version <1.6>, but at most version <1.5> allow
ed
<./figures/oblique_corrections.pdf, id=670, 557.24385pt x 167.13542pt>
File: ./figures/oblique_corrections.pdf Graphic file (type pdf)
<use ./figures/oblique_corrections.pdf>
Package pdftex.def Info: ./figures/oblique_corrections.pdf  used on input line 
265.
(pdftex.def)             Requested size: 313.69167pt x 94.08994pt.
[14 <./figures/oblique_corrections.pdf>]
Underfull \hbox (badness 10000) in paragraph at lines 291--293

 []

<./figures/stu-pdg.png, id=712, 1021.8175pt x 764.8575pt>
File: ./figures/stu-pdg.png Graphic file (type png)
<use ./figures/stu-pdg.png>
Package pdftex.def Info: ./figures/stu-pdg.png  used on input line 300.
(pdftex.def)             Requested size: 271.86356pt x 203.49155pt.
)
Underfull \vbox (badness 10000) has occurred while \output is active []

 [15]
[16 <./figures/stu-pdg.png>]
\openout2 = `chapters/Part1/Constraints_on_Higgs.aux'.

 (./chapters/Part1/Constraints_on_Higgs.tex
chapter 2.
LaTeX Font Info:    Trying to load font information for U+euf on input line 27.

(/usr/local/texlive/2020/texmf-dist/tex/latex/amsfonts/ueuf.fd
File: ueuf.fd 2013/01/14 v3.01 Euler Fraktur
)
Underfull \vbox (badness 1817) has occurred while \output is active []

 [17




]

Package amsmath Warning: Foreign command \over;
(amsmath)                \frac or \genfrac should be used instead
(amsmath)                 on input line 63.

[18]pdfTeX warning (ext4): destination with the same identifier (name{equation.
2.1.1}) has been already used, duplicate ignored
<to be read again> 
                   \relax 
l.70 	\end{align}
                 pdfTeX warning (ext4): destination with the same identifier (n
ame{equation.2.1.2}) has been already used, duplicate ignored
<to be read again> 
                   \relax 
l.70 	\end{align}
                 

LaTeX Warning: Reference `unit' on page 19 undefined on input line 97.


Underfull \vbox (badness 10000) has occurred while \output is active []

 [19]
[20] (./fitobservables.tex

LaTeX Warning: Float too large for page by 33.68303pt on input line 132.

)) [21]
\openout2 = `chapters/Part1/EFT.aux'.

 (./chapters/Part1/EFT.tex [22




]
chapter 3.
) [23] [24



]
part II.
Package scrkbase Info: You've told me to use the font selection of the element
(scrkbase)             `partprefix' that is an alias of element `partnumber'
(scrkbase)              on input line 125.
[25] [26]
\openout2 = `chapters/Part2/single_higgs.aux'.

 (./chapters/Part2/single_higgs.tex
chapter 4.
) [27



]
\openout2 = `chapters/Part2/single_higgs_4tops.aux'.

 (./chapters/Part2/single_higgs_4tops.tex [28




]
chapter 5.
[29]

LaTeX Warning: Reference `sec:conclusion' on page 30 undefined on input line 30
.

[30]
Overfull \hbox (29.05417pt too wide) detected at line 54
[]
 []

[31]

pdfTeX warning: /Library/TeX/texbin/pdflatex (file ./fig/ggF-4F_NLO.pdf): PDF i
nclusion: found PDF version <1.6>, but at most version <1.5> allowed
<fig/ggF-4F_NLO.pdf, id=925, 468.71814pt x 434.37885pt>
File: fig/ggF-4F_NLO.pdf Graphic file (type pdf)
<use fig/ggF-4F_NLO.pdf>
Package pdftex.def Info: fig/ggF-4F_NLO.pdf  used on input line 91.
(pdftex.def)             Requested size: 341.43306pt x 316.43773pt.
[32]
Underfull \vbox (badness 10000) has occurred while \output is active []

 [33 <./fig/ggF-4F_NLO.pdf>] [34]
Underfull \vbox (badness 10000) has occurred while \output is active []

 [35]
<./fig/Hbb.pdf, id=1035, 175.88109pt x 111.45941pt>
File: ./fig/Hbb.pdf Graphic file (type pdf)
<use ./fig/Hbb.pdf>
Package pdftex.def Info: ./fig/Hbb.pdf  used on input line 208.
(pdftex.def)             Requested size: 149.49962pt x 94.74092pt.

Underfull \vbox (badness 10000) has occurred while \output is active []

 [36]
<./fig/ggttH-4F_NLO.pdf, id=1051, 403.3208pt x 398.87419pt>
File: ./fig/ggttH-4F_NLO.pdf Graphic file (type pdf)
<use ./fig/ggttH-4F_NLO.pdf>
Package pdftex.def Info: ./fig/ggttH-4F_NLO.pdf  used on input line 234.
(pdftex.def)             Requested size: 342.8243pt x 339.04465pt.
<./fig/qqttH-4F_NLO.pdf, id=1052, 470.00293pt x 252.44112pt>
File: ./fig/qqttH-4F_NLO.pdf Graphic file (type pdf)
<use ./fig/qqttH-4F_NLO.pdf>
Package pdftex.def Info: ./fig/qqttH-4F_NLO.pdf  used on input line 240.
(pdftex.def)             Requested size: 399.50438pt x 214.57594pt.

Underfull \vbox (badness 10000) has occurred while \output is active []

 [37 <./fig/Hbb.pdf>] [38 <./fig/ggttH-4F_NLO.pdf>] [39 <./fig/qqttH-4F_NLO.pdf
>]

pdfTeX warning: /Library/TeX/texbin/pdflatex (file ./fig/CT.pdf): PDF inclusion
: found PDF version <1.6>, but at most version <1.5> allowed
<fig/CT.pdf, id=1215, 97.36977pt x 53.35242pt>
File: fig/CT.pdf Graphic file (type pdf)
<use fig/CT.pdf>
Package pdftex.def Info: fig/CT.pdf  used on input line 257.
(pdftex.def)             Requested size: 54.37526pt x 29.7941pt.
[40 <./fig/CT.pdf>] (./results4top.tex)
Underfull \vbox (badness 10000) has occurred while \output is active []

 [41]
[42] [43] [44]

LaTeX Warning: Reference `App:numinput' on page 45 undefined on input line 362.



LaTeX Warning: Reference `App:numinput' on page 45 undefined on input line 379.


<fig/uebeblick_Cqt1.pdf, id=1308, 860.01299pt x 353.08281pt>
File: fig/uebeblick_Cqt1.pdf Graphic file (type pdf)
<use fig/uebeblick_Cqt1.pdf>
Package pdftex.def Info: fig/uebeblick_Cqt1.pdf  used on input line 385.
(pdftex.def)             Requested size: 313.69167pt x 128.78525pt.
<fig/uebeblick_Cqt8.pdf, id=1309, 860.01299pt x 353.08281pt>
File: fig/uebeblick_Cqt8.pdf Graphic file (type pdf)
<use fig/uebeblick_Cqt8.pdf>
Package pdftex.def Info: fig/uebeblick_Cqt8.pdf  used on input line 386.
(pdftex.def)             Requested size: 313.69167pt x 128.78525pt.
<fig/uebeblick_Cqtqb1.pdf, id=1310, 860.01299pt x 353.06973pt>
File: fig/uebeblick_Cqtqb1.pdf Graphic file (type pdf)
<use fig/uebeblick_Cqtqb1.pdf>
Package pdftex.def Info: fig/uebeblick_Cqtqb1.pdf  used on input line 387.
(pdftex.def)             Requested size: 313.69167pt x 128.78049pt.
<fig/uebeblick_Cqtqb8.pdf, id=1311, 860.01299pt x 353.06973pt>
File: fig/uebeblick_Cqtqb8.pdf Graphic file (type pdf)
<use fig/uebeblick_Cqtqb8.pdf>
Package pdftex.def Info: fig/uebeblick_Cqtqb8.pdf  used on input line 388.
(pdftex.def)             Requested size: 313.69167pt x 128.78049pt.

LaTeX Warning: Float too large for page by 18.845pt on input line 393.

[45] [46 <./fig/uebeblick_Cqt1.pdf> <./fig/uebeblick_Cqt8.pdf

pdfTeX warning: /Library/TeX/texbin/pdflatex (file ./fig/uebeblick_Cqt8.pdf): P
DF inclusion: multiple pdfs with page group included in a single page
> <./fig/uebeblick_Cqtqb1.pdf

pdfTeX warning: /Library/TeX/texbin/pdflatex (file ./fig/uebeblick_Cqtqb1.pdf):
 PDF inclusion: multiple pdfs with page group included in a single page
> <./fig/uebeblick_Cqtqb8.pdf

pdfTeX warning: /Library/TeX/texbin/pdflatex (file ./fig/uebeblick_Cqtqb8.pdf):
 PDF inclusion: multiple pdfs with page group included in a single page
>]
<fig/uebeblick_forest_cphi_LHC_RunII.pdf, id=1439, 1076.82304pt x 718.48062pt>
File: fig/uebeblick_forest_cphi_LHC_RunII.pdf Graphic file (type pdf)
<use fig/uebeblick_forest_cphi_LHC_RunII.pdf>
Package pdftex.def Info: fig/uebeblick_forest_cphi_LHC_RunII.pdf  used on input
 line 408.
(pdftex.def)             Requested size: 418.25555pt x 279.06615pt.
<fig/4param_fit_LHC_RunII_l3L_rge.pdf, id=1442, 827.54323pt x 780.83768pt>
File: fig/4param_fit_LHC_RunII_l3L_rge.pdf Graphic file (type pdf)
<use fig/4param_fit_LHC_RunII_l3L_rge.pdf>
Package pdftex.def Info: fig/4param_fit_LHC_RunII_l3L_rge.pdf  used on input li
ne 419.
(pdftex.def)             Requested size: 250.95587pt x 236.79092pt.
<fig/4param_fit_LHC_RunII_l3Q_rge.pdf, id=1443, 822.71912pt x 778.19438pt>
File: fig/4param_fit_LHC_RunII_l3Q_rge.pdf Graphic file (type pdf)
<use fig/4param_fit_LHC_RunII_l3Q_rge.pdf>
Package pdftex.def Info: fig/4param_fit_LHC_RunII_l3Q_rge.pdf  used on input li
ne 421.
(pdftex.def)             Requested size: 250.95587pt x 237.36674pt.
 [47]
Underfull \vbox (badness 10000) has occurred while \output is active []

 [48 <./fig/uebeblick_forest_cphi_LHC_RunII.pdf>]
Underfull \vbox (badness 10000) has occurred while \output is active []

 [49 <./fig/4param_fit_LHC_RunII_l3L_rge.pdf> <./fig/4param_fit_LHC_RunII_l3Q_r
ge.pdf

pdfTeX warning: /Library/TeX/texbin/pdflatex (file ./fig/4param_fit_LHC_RunII_l
3Q_rge.pdf): PDF inclusion: multiple pdfs with page group included in a single 
page
>]
<fig/uebeblick_forest_ci.pdf, id=1511, 860.01299pt x 500.46893pt>
File: fig/uebeblick_forest_ci.pdf Graphic file (type pdf)
<use fig/uebeblick_forest_ci.pdf>
Package pdftex.def Info: fig/uebeblick_forest_ci.pdf  used on input line 435.
(pdftex.def)             Requested size: 313.69167pt x 182.54364pt.
<fig/uebeblick_forest_cphi_singleparam.pdf, id=1512, 860.01299pt x 500.41707pt>

File: fig/uebeblick_forest_cphi_singleparam.pdf Graphic file (type pdf)
<use fig/uebeblick_forest_cphi_singleparam.pdf>
Package pdftex.def Info: fig/uebeblick_forest_cphi_singleparam.pdf  used on inp
ut line 442.
(pdftex.def)             Requested size: 313.69167pt x 182.52472pt.


LaTeX Warning: Reference `App:numinput' on page 50 undefined on input line 447.


[50 <./fig/uebeblick_forest_ci.pdf>] [51 <./fig/uebeblick_forest_cphi_singlepar
am.pdf>] [52] [53]
<fig/Cqt1_LHC_RunII_linearl3_rge.pdf, id=1612, 722.51854pt x 716.37633pt>
File: fig/Cqt1_LHC_RunII_linearl3_rge.pdf Graphic file (type pdf)
<use fig/Cqt1_LHC_RunII_linearl3_rge.pdf>
Package pdftex.def Info: fig/Cqt1_LHC_RunII_linearl3_rge.pdf  used on input lin
e 505.
(pdftex.def)             Requested size: 188.21371pt x 186.60324pt.
<fig/Cqt1_LHC_RunII_quadl3_rge.pdf, id=1613, 722.67862pt x 716.37633pt>
File: fig/Cqt1_LHC_RunII_quadl3_rge.pdf Graphic file (type pdf)
<use fig/Cqt1_LHC_RunII_quadl3_rge.pdf>
Package pdftex.def Info: fig/Cqt1_LHC_RunII_quadl3_rge.pdf  used on input line 
506.
(pdftex.def)             Requested size: 188.21371pt x 186.57045pt.
<fig/Cqt8_LHC_RunII_linearl3_rge.pdf, id=1614, 722.51854pt x 716.37633pt>
File: fig/Cqt8_LHC_RunII_linearl3_rge.pdf Graphic file (type pdf)
<use fig/Cqt8_LHC_RunII_linearl3_rge.pdf>
Package pdftex.def Info: fig/Cqt8_LHC_RunII_linearl3_rge.pdf  used on input lin
e 507.
(pdftex.def)             Requested size: 188.21371pt x 186.60324pt.
<fig/Cqt8_LHC_RunII_quadl3_rge.pdf, id=1615, 722.67862pt x 716.37633pt>
File: fig/Cqt8_LHC_RunII_quadl3_rge.pdf Graphic file (type pdf)
<use fig/Cqt8_LHC_RunII_quadl3_rge.pdf>
Package pdftex.def Info: fig/Cqt8_LHC_RunII_quadl3_rge.pdf  used on input line 
508.
(pdftex.def)             Requested size: 188.21371pt x 186.57045pt.


LaTeX Warning: `!h' float specifier changed to `!ht'.

<fig/Cqtqb1_LHC_RunII_linearl3_rge.pdf, id=1616, 722.67862pt x 716.34251pt>
File: fig/Cqtqb1_LHC_RunII_linearl3_rge.pdf Graphic file (type pdf)
<use fig/Cqtqb1_LHC_RunII_linearl3_rge.pdf>
Package pdftex.def Info: fig/Cqtqb1_LHC_RunII_linearl3_rge.pdf  used on input l
ine 517.
(pdftex.def)             Requested size: 188.21371pt x 186.56165pt.
<fig/Cqtqb1_LHC_RunII_quadl3_rge.pdf, id=1617, 721.04942pt x 716.34251pt>
File: fig/Cqtqb1_LHC_RunII_quadl3_rge.pdf Graphic file (type pdf)
<use fig/Cqtqb1_LHC_RunII_quadl3_rge.pdf>
Package pdftex.def Info: fig/Cqtqb1_LHC_RunII_quadl3_rge.pdf  used on input lin
e 518.
(pdftex.def)             Requested size: 188.21371pt x 186.977pt.
<fig/Cqtqb8_LHC_RunII_linearl3_rge.pdf, id=1618, 722.67862pt x 716.34251pt>
File: fig/Cqtqb8_LHC_RunII_linearl3_rge.pdf Graphic file (type pdf)
<use fig/Cqtqb8_LHC_RunII_linearl3_rge.pdf>
Package pdftex.def Info: fig/Cqtqb8_LHC_RunII_linearl3_rge.pdf  used on input l
ine 519.
(pdftex.def)             Requested size: 188.21371pt x 186.56165pt.
<fig/Cqtqb8_LHC_RunII_quadl3_rge.pdf, id=1619, 722.67862pt x 716.34251pt>
File: fig/Cqtqb8_LHC_RunII_quadl3_rge.pdf Graphic file (type pdf)
<use fig/Cqtqb8_LHC_RunII_quadl3_rge.pdf>
Package pdftex.def Info: fig/Cqtqb8_LHC_RunII_quadl3_rge.pdf  used on input lin
e 520.
(pdftex.def)             Requested size: 188.21371pt x 186.56165pt.

LaTeX Warning: `!h' float specifier changed to `!ht'.

) [54] [55 <./fig/Cqt1_LHC_RunII_linearl3_rge.pdf> <./fig/Cqt1_LHC_RunII_quadl3
_rge.pdf

pdfTeX warning: /Library/TeX/texbin/pdflatex (file ./fig/Cqt1_LHC_RunII_quadl3_
rge.pdf): PDF inclusion: multiple pdfs with page group included in a single pag
e
> <./fig/Cqt8_LHC_RunII_linearl3_rge.pdf

pdfTeX warning: /Library/TeX/texbin/pdflatex (file ./fig/Cqt8_LHC_RunII_linearl
3_rge.pdf): PDF inclusion: multiple pdfs with page group included in a single p
age
> <./fig/Cqt8_LHC_RunII_quadl3_rge.pdf

pdfTeX warning: /Library/TeX/texbin/pdflatex (file ./fig/Cqt8_LHC_RunII_quadl3_
rge.pdf): PDF inclusion: multiple pdfs with page group included in a single pag
e
>] [56 <./fig/Cqtqb1_LHC_RunII_linearl3_rge.pdf> <./fig/Cqtqb1_LHC_RunII_quadl3
_rge.pdf

pdfTeX warning: /Library/TeX/texbin/pdflatex (file ./fig/Cqtqb1_LHC_RunII_quadl
3_rge.pdf): PDF inclusion: multiple pdfs with page group included in a single p
age
> <./fig/Cqtqb8_LHC_RunII_linearl3_rge.pdf

pdfTeX warning: /Library/TeX/texbin/pdflatex (file ./fig/Cqtqb8_LHC_RunII_linea
rl3_rge.pdf): PDF inclusion: multiple pdfs with page group included in a single
 page
> <./fig/Cqtqb8_LHC_RunII_quadl3_rge.pdf

pdfTeX warning: /Library/TeX/texbin/pdflatex (file ./fig/Cqtqb8_LHC_RunII_quadl
3_rge.pdf): PDF inclusion: multiple pdfs with page group included in a single p
age
>]
\openout2 = `chapters/Part2/hz_nlo.aux'.

 (./chapters/Part2/hz_nlo.tex
chapter 6.

Package hyperref Warning: Token not allowed in a PDF string (PDFDocEncoding):
(hyperref)                removing `math shift' on input line 4.


Package hyperref Warning: Token not allowed in a PDF string (PDFDocEncoding):
(hyperref)                removing `math shift' on input line 4.

LaTeX Font Info:    External font `lmex10' loaded for size
(Font)              <20.74> on input line 4.
LaTeX Font Info:    External font `lmex10' loaded for size
(Font)              <14.4> on input line 4.
LaTeX Font Info:    External font `lmex10' loaded for size
(Font)              <12> on input line 4.
<./figures/Rplot.png, id=1753, 451.6875pt x 315.1775pt>
File: ./figures/Rplot.png Graphic file (type png)
<use ./figures/Rplot.png>
Package pdftex.def Info: ./figures/Rplot.png  used on input line 14.
(pdftex.def)             Requested size: 256.0748pt x 178.6912pt.
[57




] [58 <./figures/Rplot.png>] [59]
<./figures/Feynman_LO.pdf, id=1812, 593.21625pt x 251.25267pt>
File: ./figures/Feynman_LO.pdf Graphic file (type pdf)
<use ./figures/Feynman_LO.pdf>
Package pdftex.def Info: ./figures/Feynman_LO.pdf  used on input line 76.
(pdftex.def)             Requested size: 341.43306pt x 144.61484pt.

Underfull \vbox (badness 8151) has occurred while \output is active []

 [60 <./figures/Feynman_LO.pdf>] [61]

Package hyperref Warning: Token not allowed in a PDF string (PDFDocEncoding):
(hyperref)                removing `math shift' on input line 152.


Package hyperref Warning: Token not allowed in a PDF string (PDFDocEncoding):
(hyperref)                removing `subscript' on input line 152.


Package hyperref Warning: Token not allowed in a PDF string (PDFDocEncoding):
(hyperref)                removing `\scriptscriptstyle' on input line 152.


Package hyperref Warning: Token not allowed in a PDF string (PDFDocEncoding):
(hyperref)                removing `math shift' on input line 152.


Underfull \vbox (badness 2512) has occurred while \output is active []

 [62]
Underfull \vbox (badness 10000) has occurred while \output is active []

 [63]
<./figures/LO_ptexp_ratio_1000.pdf, id=1882, 794.97pt x 650.43pt>
File: ./figures/LO_ptexp_ratio_1000.pdf Graphic file (type pdf)
<use ./figures/LO_ptexp_ratio_1000.pdf>
Package pdftex.def Info: ./figures/LO_ptexp_ratio_1000.pdf  used on input line 
238.
(pdftex.def)             Requested size: 334.60571pt x 273.77422pt.
<./figures/Feynman_NL0.pdf, id=1889, 593.21625pt x 307.31714pt>
File: ./figures/Feynman_NL0.pdf Graphic file (type pdf)
<use ./figures/Feynman_NL0.pdf>
Package pdftex.def Info: ./figures/Feynman_NL0.pdf  used on input line 272.
(pdftex.def)             Requested size: 341.43306pt x 176.88417pt.

[64] [65 <./figures/LO_ptexp_ratio_1000.pdf>] [66 <./figures/Feynman_NL0.pdf>]
Underfull \vbox (badness 10000) has occurred while \output is active []

 [67]
<./figures/MI.pdf, id=1974, 518.88232pt x 489.1587pt>
File: ./figures/MI.pdf Graphic file (type pdf)
<use ./figures/MI.pdf>
Package pdftex.def Info: ./figures/MI.pdf  used on input line 331.
(pdftex.def)             Requested size: 341.43306pt x 321.87543pt.

[68] [69 <./figures/MI.pdf>]

Package hyperref Warning: Token not allowed in a PDF string (PDFDocEncoding):
(hyperref)                removing `math shift' on input line 349.


Package hyperref Warning: Token not allowed in a PDF string (PDFDocEncoding):
(hyperref)                removing `subscript' on input line 349.


Package hyperref Warning: Token not allowed in a PDF string (PDFDocEncoding):
(hyperref)                removing `\scriptscriptstyle' on input line 349.


Package hyperref Warning: Token not allowed in a PDF string (PDFDocEncoding):
(hyperref)                removing `math shift' on input line 349.

[70]
<./figures/sigma_part_virt_LMEreweighted.pdf, id=2054, 794.97pt x 650.43pt>
File: ./figures/sigma_part_virt_LMEreweighted.pdf Graphic file (type pdf)
<use ./figures/sigma_part_virt_LMEreweighted.pdf>
Package pdftex.def Info: ./figures/sigma_part_virt_LMEreweighted.pdf  used on i
nput line 416.
(pdftex.def)             Requested size: 292.7776pt x 239.55368pt.
 [71])
Underfull \vbox (badness 1406) has occurred while \output is active []

 [72 <./figures/sigma_part_virt_LMEreweighted.pdf>] [73] [74



]
part III.
Package scrkbase Info: You've told me to use the font selection of the element
(scrkbase)             `partprefix' that is an alias of element `partnumber'
(scrkbase)              on input line 130.
[75] [76]
\openout2 = `chapters/Part3/higgs_pair.aux'.

 (./chapters/Part3/higgs_pair.tex
chapter 7.
<./figures/ggfbox.pdf, id=2117, 569.05513pt x 302.30531pt>
File: ./figures/ggfbox.pdf Graphic file (type pdf)
<use ./figures/ggfbox.pdf>
Package pdftex.def Info: ./figures/ggfbox.pdf  used on input line 11.
(pdftex.def)             Requested size: 146.39198pt x 77.76721pt.
<./figures/ggftri.pdf, id=2118, 682.86612pt x 299.66238pt>
File: ./figures/ggftri.pdf Graphic file (type pdf)
<use ./figures/ggftri.pdf>
Package pdftex.def Info: ./figures/ggftri.pdf  used on input line 13.
(pdftex.def)             Requested size: 167.29967pt x 73.41563pt.
Package epstopdf Info: Source file: <./figures/gg_hh_lo.eps>
(epstopdf)                    date: 2019-06-14 12:22:02
(epstopdf)                    size: 62595 bytes
(epstopdf)             Output file: <./figures/gg_hh_lo-eps-converted-to.pdf>
(epstopdf)                    date: 2021-12-29 13:47:12
(epstopdf)                    size: 18118 bytes
(epstopdf)             Command: <repstopdf --outfile=./figures/gg_hh_lo-eps-con
verted-to.pdf ./figures/gg_hh_lo.eps>
(epstopdf)             \includegraphics on input line 26.
Package epstopdf Info: Output file is already uptodate.
<./figures/gg_hh_lo-eps-converted-to.pdf, id=2129, 346.29375pt x 498.86375pt>
File: ./figures/gg_hh_lo-eps-converted-to.pdf Graphic file (type pdf)
<use ./figures/gg_hh_lo-eps-converted-to.pdf>
Package pdftex.def Info: ./figures/gg_hh_lo-eps-converted-to.pdf  used on input
 line 26.
(pdftex.def)             Requested size: 167.29967pt x 241.01234pt.
[77



 <./figures/ggfbox.pdf> <./figures/ggftri.pdf>] [78 <./figures/gg_hh_lo-eps-con
verted-to.pdf>]

Package caption Warning: \label without proper reference on input line 71.
See the caption package documentation for explanation.


LaTeX Warning: Reference `ggf_xsres' on page 79 undefined on input line 55.


Overfull \hbox (16.69936pt too wide) in paragraph at lines 59--72
 [][] 
 []

) [79]
\openout2 = `chapters/Part3/dihiggs_yukawa_cut.aux'.

 (./chapters/Part3/dihiggs_yukawa_cut.tex [80




]
chapter 8.
) [81]
\openout2 = `chapters/Part3/dihiggs_yukawa_bdt.aux'.

 (./chapters/Part3/dihiggs_yukawa_bdt.tex [82




]
chapter 9.
[83]
<fig/ueberblick.pdf, id=2235, 805.31505pt x 392.03253pt>
File: fig/ueberblick.pdf Graphic file (type pdf)
<use fig/ueberblick.pdf>
Package pdftex.def Info: fig/ueberblick.pdf  used on input line 18.
(pdftex.def)             Requested size: 418.25555pt x 203.60684pt.
 [84 <./fig/ueberblick.pdf>]) [85]
\openout2 = `chapters/Part2/Appendix_hz.aux'.

 (./chapters/Part2/Appendix_hz.tex
[86




]
chapter A.

Package hyperref Warning: Token not allowed in a PDF string (PDFDocEncoding):
(hyperref)                removing `math shift' on input line 4.


Package hyperref Warning: Token not allowed in a PDF string (PDFDocEncoding):
(hyperref)                removing `math shift' on input line 4.


Package hyperref Warning: Token not allowed in a PDF string (PDFDocEncoding):
(hyperref)                removing `math shift' on input line 6.


Package hyperref Warning: Token not allowed in a PDF string (PDFDocEncoding):
(hyperref)                removing `\to' on input line 6.


Package hyperref Warning: Token not allowed in a PDF string (PDFDocEncoding):
(hyperref)                removing `math shift' on input line 6.

[87]
Underfull \vbox (badness 10000) has occurred while \output is active []

 [88]
Underfull \vbox (badness 10000) has occurred while \output is active []

 [89])
[90] (./Dissertation-alasfar.bbl [91



] [92]
Overfull \hbox (15.1807pt too wide) in paragraph at lines 181--187
[][]\T1/lmtt/m/n/10.95 https://academic.oup.com/ptp/article-pdf/49/2/652/525769
2/49-2-652.pdf[][]\T1/lmr/m/n/10.95 . 
 []

[93]
LaTeX Font Info:    Trying to load font information for TS1+lmr on input line 2
86.
 (/usr/local/texlive/2020/texmf-dist/tex/latex/lm/ts1lmr.fd
File: ts1lmr.fd 2009/10/30 v1.6 Font defs for Latin Modern
) [94] [95]
[96] [97] [98] [99] [100] [101] [102] [103] [104] [105] [106] [107]) [108]
\openout2 = `chapters/End/list_of_publications.aux'.


(./chapters/End/list_of_publications.tex) [109



]
Package atveryend Info: Empty hook `BeforeClearDocument' on input line 152.
Package atveryend Info: Empty hook `AfterLastShipout' on input line 152.
 (./Dissertation-alasfar.aux
(./chapters/Part1/Higgs_and_SM.aux) (./chapters/Part1/Constraints_on_Higgs.aux)
(./chapters/Part1/EFT.aux) (./chapters/Part2/single_higgs.aux)
(./chapters/Part2/single_higgs_4tops.aux) (./chapters/Part2/hz_nlo.aux)
(./chapters/Part3/higgs_pair.aux) (./chapters/Part3/dihiggs_yukawa_cut.aux)
(./chapters/Part3/dihiggs_yukawa_bdt.aux) (./chapters/Part2/Appendix_hz.aux)
(./chapters/End/list_of_publications.aux))
Package atveryend Info: Executing hook `AtVeryEndDocument' on input line 152.


 *File List*
 scrbook.cls    2020/01/24 v3.29 KOMA-Script document class (book)
scrkbase.sty    2020/01/24 v3.29 KOMA-Script package (KOMA-Script-dependent bas
ics and keyval usage)
 scrbase.sty    2020/01/24 v3.29 KOMA-Script package (KOMA-Script-independent b
asics and keyval usage)
  keyval.sty    2014/10/28 v1.15 key=value parser (DPC)
scrlfile.sty    2020/01/24 v3.29 KOMA-Script package (loading files)
tocbasic.sty    2020/01/24 v3.29 KOMA-Script package (handling toc-files)
scrsize11pt.clo    2020/01/24 v3.29 KOMA-Script font size class option (11pt)
typearea.sty    2020/01/24 v3.29 KOMA-Script package (type area)
  hudiss.sty    2009/05/21 v0.2 For scientific documents at the EDOC-Server
kvoptions.sty    2019/11/29 v3.13 Key value format for package options (HO)
 ltxcmds.sty    2019/12/15 v1.24 LaTeX kernel commands for general use (HO)
kvsetkeys.sty    2019/12/15 v1.18 Key value parser (HO)
kvoptions-patch.sty    2019/11/29 v3.13 LaTeX patch for keyval options (HO)
etexcmds.sty    2019/12/15 v1.7 Avoid name clashes with e-TeX commands (HO)
infwarerr.sty    2019/12/03 v1.5 Providing info/warning/error messages (HO)
   iftex.sty    2020/03/06 v1.0d TeX engine tests
   ifpdf.sty    2019/10/25 v3.4 ifpdf legacy package. Use iftex instead.
  ifthen.sty    2014/09/29 v1.1c Standard LaTeX ifthen package (DPC)
graphicx.sty    2019/11/30 v1.2a Enhanced LaTeX Graphics (DPC,SPQR)
graphics.sty    2019/11/30 v1.4a Standard LaTeX Graphics (DPC,SPQR)
    trig.sty    2016/01/03 v1.10 sin cos tan (DPC)
graphics.cfg    2016/06/04 v1.11 sample graphics configuration
  pdftex.def    2018/01/08 v1.0l Graphics/color driver for pdftex
  xcolor.sty    2016/05/11 v2.12 LaTeX color extensions (UK)
   color.cfg    2016/01/02 v1.6 sample color configuration
setspace.sty    2011/12/19 v6.7a set line spacing
   babel.sty    2020/03/22 3.42 The Babel package
 english.ldf    2017/06/06 v3.3r English support from the babel system
 ngerman.ldf    2018/12/08 v2.11 German support for babel (post-1996 orthograph
y)
 fontenc.sty
inputenc.sty    2018/08/11 v1.3c Input encoding file
 lmodern.sty    2009/10/30 v1.6 Latin Modern Fonts
enumitem.sty    2019/06/20 v3.9 Customized lists
    soul.sty    2003/11/17 v2.4 letterspacing/underlining (mf)
hyperref.sty    2020/01/14 v7.00d Hypertext links for LaTeX
pdftexcmds.sty    2019/11/24 v0.31 Utility functions of pdfTeX for LuaTeX (HO)
kvdefinekeys.sty    2019-12-19 v1.6 Define keys (HO)
pdfescape.sty    2019/12/09 v1.15 Implements pdfTeX's escape features (HO)
 hycolor.sty    2020-01-27 v1.10 Color options for hyperref/bookmark (HO)
letltxmacro.sty    2019/12/03 v1.6 Let assignment for LaTeX macros (HO)
 auxhook.sty    2019-12-17 v1.6 Hooks for auxiliary files (HO)
  pd1enc.def    2020/01/14 v7.00d Hyperref: PDFDocEncoding definition (HO)
 intcalc.sty    2019/12/15 v1.3 Expandable calculations with integers (HO)
     url.sty    2013/09/16  ver 3.4  Verb mode for urls, etc.
  bitset.sty    2019/12/09 v1.3 Handle bit-vector datatype (HO)
bigintcalc.sty    2019/12/15 v1.5 Expandable calculations on big integers (HO)
atbegshi.sty    2019/12/05 v1.19 At begin shipout hook (HO)
 hpdftex.def    2020/01/14 v7.00d Hyperref driver for pdfTeX
atveryend.sty    2019-12-11 v1.11 Hooks at the very end of document (HO)
rerunfilecheck.sty    2019/12/05 v1.9 Rerun checks for auxiliary files (HO)
uniquecounter.sty    2019/12/15 v1.4 Provide unlimited unique counter (HO)
adjustment.tex
 amsmath.sty    2020/01/20 v2.17e AMS math features
 amstext.sty    2000/06/29 v2.01 AMS text
  amsgen.sty    1999/11/30 v2.0 generic functions
  amsbsy.sty    1999/11/29 v1.2d Bold Symbols
  amsopn.sty    2016/03/08 v2.02 operator names
 amssymb.sty    2013/01/14 v3.01 AMS font symbols
amsfonts.sty    2013/01/14 v3.01 Basic AMSFonts support
  amsthm.sty    2017/10/31 v2.20.4
  xpatch.sty    2020/03/25 v0.3a Extending etoolbox patching commands
   expl3.sty    2020-03-06 L3 programming layer (loader) 
l3backend-pdfmode.def    2020-03-12 L3 backend support: PDF mode
  xparse.sty    2020-03-06 L3 Experimental document command parser
etoolbox.sty    2019/09/21 v2.5h e-TeX tools for LaTeX (JAW)
epigraph.sty    2020/01/02 v1.5e typesetting epigraphs
nextpage.sty    2009/09/03 v1.1a additional page commands
scrpage2.sty    2020/01/24 v3.29 KOMA-Script package (page head and foot)
centernot.sty    2016/05/16 v1.4 Centers the not symbol horizontally (HO)
multirow.sty    2019/05/31 v2.5 Span multiple rows of a table
pdfpages.sty    2020/01/28 v0.5q Insert pages of external PDF documents (AM)
    calc.sty    2017/05/25 v4.3 Infix arithmetic (KKT,FJ)
 eso-pic.sty    2018/04/12 v2.0h eso-pic (RN)
pppdftex.def    2020/01/28 v0.5q Pdfpages driver for pdfTeX (AM)
currvita.sty    1999/09/13 v0.9i Typesetting a Curriculum Vitae
  natbib.sty    2010/09/13 8.31b (PWD, AO)
placeins.sty    2005/04/18  v 2.2
booktabs.sty    2020/01/12 v1.61803398 Publication quality tables
ragged2e.sty    2019/07/28 v2.2 ragged2e Package (MS)
everysel.sty    2011/10/28 v1.2 EverySelectfont Package (MS)
   bbold.sty    1994/04/06 Bbold symbol package
  lieart.sty    2019/06/30 v2.00 LieART Package
colortbl.sty    2020/01/04 v1.0e Color table columns (DPC)
   array.sty    2019/08/31 v2.4l Tabular extension package (FMi)
slashbox.sty    
    ulem.sty    2019/11/18
 siunitx.sty    2020/02/25 v2.8b A comprehensive (SI) units package
l3keys2e.sty    2020-03-06 LaTeX2e option processing using LaTeX3 keys
translator.sty    2019-05-31 v1.12a Easy translation of strings in LaTeX
pgfplotstable.sty    2020/02/29 v1.17 Table typesetting and Pretty-printing (1.
17)
pgfplots.sty    2020/02/29 v1.17 Data Visualization (1.17)
    tikz.sty    2020/01/08 v3.1.5b (3.1.5b)
     pgf.sty    2020/01/08 v3.1.5b (3.1.5b)
  pgfrcs.sty    2020/01/08 v3.1.5b (3.1.5b)
everyshi.sty    2001/05/15 v3.00 EveryShipout Package (MS)
pgfrcs.code.tex
 pgfcore.sty    2020/01/08 v3.1.5b (3.1.5b)
  pgfsys.sty    2020/01/08 v3.1.5b (3.1.5b)
pgfsys.code.tex
pgfsyssoftpath.code.tex    2020/01/08 v3.1.5b (3.1.5b)
pgfsysprotocol.code.tex    2020/01/08 v3.1.5b (3.1.5b)
pgfcore.code.tex
pgfcomp-version-0-65.sty    2020/01/08 v3.1.5b (3.1.5b)
pgfcomp-version-1-18.sty    2020/01/08 v3.1.5b (3.1.5b)
  pgffor.sty    2020/01/08 v3.1.5b (3.1.5b)
 pgfkeys.sty    
pgfkeys.code.tex
 pgfmath.sty    
pgfmath.code.tex
pgffor.code.tex
tikz.code.tex
 caption.sty    2020/01/03 v3.4h Customizing captions (AR)
caption3.sty    2020/01/03 v1.8h caption3 kernel (AR)
 acronym.sty    2020/03/13 v1.46 Support for acronyms (Tobias Oetiker)
  suffix.sty    2006/07/15 1.5a Variant command support
 xstring.sty    2019/02/06 v1.83 String manipulations (CT)
 sidecap.sty    2003/06/06 v1.6f SideCap Package (RN/HjG)
   t1lmr.fd    2009/10/30 v1.6 Font defs for Latin Modern
supp-pdf.mkii
epstopdf-base.sty    2020-01-24 v2.11 Base part for package epstopdf
  grfext.sty    2019/12/03 v1.3 Manage graphics extensions (HO)
epstopdf-sys.cfg    2010/07/13 v1.3 Configuration of (r)epstopdf for TeX Live
 nameref.sty    2019/09/16 v2.46 Cross-referencing by name of section
refcount.sty    2019/12/15 v3.6 Data extraction from label references (HO)
gettitlestring.sty    2019/12/15 v1.6 Cleanup title references (HO)
Dissertation-alasfar.out
Dissertation-alasfar.out
pdflscape.sty    2019/12/05 v0.12 Display of landscape pages in PDF (HO)
  lscape.sty    2000/10/22 v3.01 Landscape Pages (DPC)
  t1lmss.fd    2009/10/30 v1.6 Font defs for Latin Modern
translator-basic-dictionary-English.dict    
siunitx-abbreviations.cfg    2017/11/26 v2.7k siunitx: Abbreviated units
  ot1lmr.fd    2009/10/30 v1.6 Font defs for Latin Modern
  omllmm.fd    2009/10/30 v1.6 Font defs for Latin Modern
 omslmsy.fd    2009/10/30 v1.6 Font defs for Latin Modern
 omxlmex.fd    2009/10/30 v1.6 Font defs for Latin Modern
    umsa.fd    2013/01/14 v3.01 AMS symbols A
    umsb.fd    2013/01/14 v3.01 AMS symbols B
 ot1lmss.fd    2009/10/30 v1.6 Font defs for Latin Modern
 ot1lmtt.fd    2009/10/30 v1.6 Font defs for Latin Modern
titlepage.tex
  t1lmtt.fd    2009/10/30 v1.6 Font defs for Latin Modern
chapters/Part1/Higgs_and_SM.tex
./figures/ferrvspara.pdf
./figures/SM.pdf
  Ubbold.fd
./figures/oblique_corrections.pdf
./figures/stu-pdg.png
chapters/Part1/Constraints_on_Higgs.tex
    ueuf.fd    2013/01/14 v3.01 Euler Fraktur
fitobservables.tex
chapters/Part1/EFT.tex
chapters/Part2/single_higgs.tex
chapters/Part2/single_higgs_4tops.tex
fig/ggF-4F_NLO.pdf
./fig/Hbb.pdf
./fig/ggttH-4F_NLO.pdf
./fig/qqttH-4F_NLO.pdf
  fig/CT.pdf
results4top.tex
fig/uebeblick_Cqt1.pdf
fig/uebeblick_Cqt8.pdf
fig/uebeblick_Cqtqb1.pdf
fig/uebeblick_Cqtqb8.pdf
fig/uebeblick_forest_cphi_LHC_RunII.pdf
fig/4param_fit_LHC_RunII_l3L_rge.pdf
fig/4param_fit_LHC_RunII_l3Q_rge.pdf
fig/uebeblick_forest_ci.pdf
fig/uebeblick_forest_cphi_singleparam.pdf
fig/Cqt1_LHC_RunII_linearl3_rge.pdf
fig/Cqt1_LHC_RunII_quadl3_rge.pdf
fig/Cqt8_LHC_RunII_linearl3_rge.pdf
fig/Cqt8_LHC_RunII_quadl3_rge.pdf
fig/Cqtqb1_LHC_RunII_linearl3_rge.pdf
fig/Cqtqb1_LHC_RunII_quadl3_rge.pdf
fig/Cqtqb8_LHC_RunII_linearl3_rge.pdf
fig/Cqtqb8_LHC_RunII_quadl3_rge.pdf
chapters/Part2/hz_nlo.tex
./figures/Rplot.png
./figures/Feynman_LO.pdf
./figures/LO_ptexp_ratio_1000.pdf
./figures/Feynman_NL0.pdf
./figures/MI.pdf
./figures/sigma_part_virt_LMEreweighted.pdf
chapters/Part3/higgs_pair.tex
./figures/ggfbox.pdf
./figures/ggftri.pdf
./figures/gg_hh_lo-eps-converted-to.pdf
chapters/Part3/dihiggs_yukawa_cut.tex
chapters/Part3/dihiggs_yukawa_bdt.tex
fig/ueberblick.pdf
chapters/Part2/Appendix_hz.tex
Dissertation-alasfar.bbl
  ts1lmr.fd    2009/10/30 v1.6 Font defs for Latin Modern
chapters/End/list_of_publications.tex
 ***********

Package atveryend Info: Executing hook `AtEndAfterFileList' on input line 152.
Package rerunfilecheck Info: File `Dissertation-alasfar.out' has not changed.
(rerunfilecheck)             Checksum: C4FCA3BAB3E3CC90FB3C2459EFCAD16F;3710.

LaTeX Font Warning: Some font shapes were not available, defaults substituted.


LaTeX Warning: There were undefined references.


LaTeX Warning: There were multiply-defined labels.

Package atveryend Info: Empty hook `AtVeryVeryEnd' on input line 152.
 ) 
Here is how much of TeX's memory you used:
 40633 strings out of 480608
 942678 string characters out of 5903630
 1414192 words of memory out of 5000000
 55012 multiletter control sequences out of 15000+600000
 724531 words of font info for 161 fonts, out of 8000000 for 9000
 1141 hyphenation exceptions out of 8191
 79i,20n,107p,10127b,1735s stack positions out of 5000i,500n,10000p,200000b,80000s
{/usr/local/texlive/2020/texmf-dist/fonts/enc/dvips/lm/lm-ts1.enc}{/usr/local
/texlive/2020/texmf-dist/fonts/enc/dvips/lm/lm-ec.enc}{/usr/local/texlive/2020/
texmf-dist/fonts/enc/dvips/lm/lm-mathit.enc}{/usr/local/texlive/2020/texmf-dist
/fonts/enc/dvips/lm/lm-rm.enc}{/usr/local/texlive/2020/texmf-dist/fonts/enc/dvi
ps/lm/lm-mathsy.enc}{/usr/local/texlive/2020/texmf-dist/fonts/enc/dvips/lm/lm-m
athex.enc}</usr/local/texlive/2020/texmf-dist/fonts/type1/public/bbold-type1/bb
old10.pfb></usr/local/texlive/2020/texmf-dist/fonts/type1/public/amsfonts/cm/cm
ex10.pfb></usr/local/texlive/2020/texmf-dist/fonts/type1/public/amsfonts/cm/cmm
i10.pfb></usr/local/texlive/2020/texmf-dist/fonts/type1/public/amsfonts/cm/cmmi
12.pfb></usr/local/texlive/2020/texmf-dist/fonts/type1/public/amsfonts/cm/cmr10
.pfb></usr/local/texlive/2020/texmf-dist/fonts/type1/public/amsfonts/cm/cmr12.p
fb></usr/local/texlive/2020/texmf-dist/fonts/type1/public/amsfonts/cm/cmr17.pfb
></usr/local/texlive/2020/texmf-dist/fonts/type1/public/amsfonts/cm/cmss12.pfb>
</usr/local/texlive/2020/texmf-dist/fonts/type1/public/amsfonts/cm/cmss17.pfb><
/usr/local/texlive/2020/texmf-dist/fonts/type1/public/amsfonts/cm/cmsy10.pfb></
usr/local/texlive/2020/texmf-dist/fonts/type1/public/amsfonts/euler/eufm10.pfb>
</usr/local/texlive/2020/texmf-dist/fonts/type1/public/lm/lmbx10.pfb></usr/loca
l/texlive/2020/texmf-dist/fonts/type1/public/lm/lmbx8.pfb></usr/local/texlive/2
020/texmf-dist/fonts/type1/public/lm/lmcsc10.pfb></usr/local/texlive/2020/texmf
-dist/fonts/type1/public/lm/lmex10.pfb></usr/local/texlive/2020/texmf-dist/font
s/type1/public/lm/lmmi10.pfb></usr/local/texlive/2020/texmf-dist/fonts/type1/pu
blic/lm/lmmi12.pfb></usr/local/texlive/2020/texmf-dist/fonts/type1/public/lm/lm
mi5.pfb></usr/local/texlive/2020/texmf-dist/fonts/type1/public/lm/lmmi6.pfb></u
sr/local/texlive/2020/texmf-dist/fonts/type1/public/lm/lmmi7.pfb></usr/local/te
xlive/2020/texmf-dist/fonts/type1/public/lm/lmmi8.pfb></usr/local/texlive/2020/
texmf-dist/fonts/type1/public/lm/lmmi9.pfb></usr/local/texlive/2020/texmf-dist/
fonts/type1/public/lm/lmr10.pfb></usr/local/texlive/2020/texmf-dist/fonts/type1
/public/lm/lmr5.pfb></usr/local/texlive/2020/texmf-dist/fonts/type1/public/lm/l
mr6.pfb></usr/local/texlive/2020/texmf-dist/fonts/type1/public/lm/lmr7.pfb></us
r/local/texlive/2020/texmf-dist/fonts/type1/public/lm/lmr8.pfb></usr/local/texl
ive/2020/texmf-dist/fonts/type1/public/lm/lmr9.pfb></usr/local/texlive/2020/tex
mf-dist/fonts/type1/public/lm/lmri10.pfb></usr/local/texlive/2020/texmf-dist/fo
nts/type1/public/lm/lmri9.pfb></usr/local/texlive/2020/texmf-dist/fonts/type1/p
ublic/lm/lmro10.pfb></usr/local/texlive/2020/texmf-dist/fonts/type1/public/lm/l
mss10.pfb></usr/local/texlive/2020/texmf-dist/fonts/type1/public/lm/lmss12.pfb>
</usr/local/texlive/2020/texmf-dist/fonts/type1/public/lm/lmssbx10.pfb></usr/lo
cal/texlive/2020/texmf-dist/fonts/type1/public/lm/lmsy10.pfb></usr/local/texliv
e/2020/texmf-dist/fonts/type1/public/lm/lmsy6.pfb></usr/local/texlive/2020/texm
f-dist/fonts/type1/public/lm/lmsy7.pfb></usr/local/texlive/2020/texmf-dist/font
s/type1/public/lm/lmsy8.pfb></usr/local/texlive/2020/texmf-dist/fonts/type1/pub
lic/lm/lmsy9.pfb></usr/local/texlive/2020/texmf-dist/fonts/type1/public/lm/lmtt
10.pfb></usr/local/texlive/2020/texmf-dist/fonts/type1/public/lm/lmtt9.pfb></us
r/local/texlive/2020/texmf-dist/fonts/type1/public/amsfonts/symbols/msam10.pfb>
</usr/local/texlive/2020/texmf-dist/fonts/type1/public/amsfonts/symbols/msbm10.
pfb></usr/local/texlive/2020/texmf-dist/fonts/type1/public/cm-super/sfss1728.pf
b>
Output written on Dissertation-alasfar.pdf (113 pages, 2429194 bytes).
PDF statistics:
 3113 PDF objects out of 3580 (max. 8388607)
 2681 compressed objects within 27 object streams
 569 named destinations out of 1000 (max. 500000)
 561 words of extra memory for PDF output out of 10000 (max. 10000000)

